[0.112s] DEBUG:colcon:Command line arguments: ['/usr/bin/colcon', 'build', '--symlink-install']
[0.112s] DEBUG:colcon:Parsed command line arguments: Namespace(log_base=None, log_level=None, verb_name='build', build_base='build', install_base='install', merge_install=False, symlink_install=True, test_result_base=None, continue_on_error=False, executor='parallel', parallel_workers=32, event_handlers=None, ignore_user_meta=False, metas=['./colcon.meta'], base_paths=['.'], packages_ignore=None, packages_ignore_regex=None, paths=None, packages_up_to=None, packages_up_to_regex=None, packages_above=None, packages_above_and_dependencies=None, packages_above_depth=None, packages_select_by_dep=None, packages_skip_by_dep=None, packages_skip_up_to=None, packages_select_build_failed=False, packages_skip_build_finished=False, packages_select_test_failures=False, packages_skip_test_passed=False, packages_select=None, packages_skip=None, packages_select_regex=None, packages_skip_regex=None, packages_start=None, packages_end=None, allow_overriding=[], cmake_args=None, cmake_target=None, cmake_target_skip_unavailable=False, cmake_clean_cache=False, cmake_clean_first=False, cmake_force_configure=False, ament_cmake_args=None, catkin_cmake_args=None, catkin_skip_building_tests=False, verb_parser=<colcon_defaults.argument_parser.defaults.DefaultArgumentsDecorator object at 0x778d05d1b220>, verb_extension=<colcon_core.verb.build.BuildVerb object at 0x778d05ec4b20>, main=<bound method BuildVerb.main of <colcon_core.verb.build.BuildVerb object at 0x778d05ec4b20>>)
[0.193s] Level 1:colcon.colcon_core.package_discovery:discover_packages(colcon_meta) check parameters
[0.194s] Level 1:colcon.colcon_core.package_discovery:discover_packages(recursive) check parameters
[0.194s] Level 1:colcon.colcon_core.package_discovery:discover_packages(ignore) check parameters
[0.194s] Level 1:colcon.colcon_core.package_discovery:discover_packages(path) check parameters
[0.194s] Level 1:colcon.colcon_core.package_discovery:discover_packages(colcon_meta) discover
[0.194s] Level 1:colcon.colcon_core.package_discovery:discover_packages(recursive) discover
[0.194s] INFO:colcon.colcon_core.package_discovery:Crawling recursively for packages in '/home/dss/dss/dss_ros2_bridge'
[0.194s] Level 1:colcon.colcon_core.package_identification:_identify(.) by extensions ['ignore', 'ignore_ament_install']
[0.194s] Level 1:colcon.colcon_core.package_identification:_identify(.) by extension 'ignore'
[0.194s] Level 1:colcon.colcon_core.package_identification:_identify(.) by extension 'ignore_ament_install'
[0.194s] Level 1:colcon.colcon_core.package_identification:_identify(.) by extensions ['colcon_pkg']
[0.194s] Level 1:colcon.colcon_core.package_identification:_identify(.) by extension 'colcon_pkg'
[0.194s] Level 1:colcon.colcon_core.package_identification:_identify(.) by extensions ['colcon_meta']
[0.194s] Level 1:colcon.colcon_core.package_identification:_identify(.) by extension 'colcon_meta'
[0.194s] Level 1:colcon.colcon_core.package_identification:_identify(.) by extensions ['ros']
[0.194s] Level 1:colcon.colcon_core.package_identification:_identify(.) by extension 'ros'
[0.201s] Level 1:colcon.colcon_core.package_identification:_identify(.) by extensions ['cmake', 'python']
[0.201s] Level 1:colcon.colcon_core.package_identification:_identify(.) by extension 'cmake'
[0.201s] Level 1:colcon.colcon_core.package_identification:_identify(.) by extension 'python'
[0.201s] Level 1:colcon.colcon_core.package_identification:_identify(.) by extensions ['python_setup_py']
[0.201s] Level 1:colcon.colcon_core.package_identification:_identify(.) by extension 'python_setup_py'
[0.201s] Level 1:colcon.colcon_core.package_identification:_identify(build) by extensions ['ignore', 'ignore_ament_install']
[0.201s] Level 1:colcon.colcon_core.package_identification:_identify(build) by extension 'ignore'
[0.201s] Level 1:colcon.colcon_core.package_identification:_identify(build) ignored
[0.201s] Level 1:colcon.colcon_core.package_identification:_identify(dss_ros2_bridge) by extensions ['ignore', 'ignore_ament_install']
[0.201s] Level 1:colcon.colcon_core.package_identification:_identify(dss_ros2_bridge) by extension 'ignore'
[0.201s] Level 1:colcon.colcon_core.package_identification:_identify(dss_ros2_bridge) by extension 'ignore_ament_install'
[0.201s] Level 1:colcon.colcon_core.package_identification:_identify(dss_ros2_bridge) by extensions ['colcon_pkg']
[0.201s] Level 1:colcon.colcon_core.package_identification:_identify(dss_ros2_bridge) by extension 'colcon_pkg'
[0.201s] Level 1:colcon.colcon_core.package_identification:_identify(dss_ros2_bridge) by extensions ['colcon_meta']
[0.201s] Level 1:colcon.colcon_core.package_identification:_identify(dss_ros2_bridge) by extension 'colcon_meta'
[0.201s] Level 1:colcon.colcon_core.package_identification:_identify(dss_ros2_bridge) by extensions ['ros']
[0.201s] Level 1:colcon.colcon_core.package_identification:_identify(dss_ros2_bridge) by extension 'ros'
[0.203s] DEBUG:colcon.colcon_core.package_identification:Package 'dss_ros2_bridge' with type 'ros.ament_cmake' and name 'dss_ros2_bridge'
[0.203s] Level 1:colcon.colcon_core.package_identification:_identify(install) by extensions ['ignore', 'ignore_ament_install']
[0.203s] Level 1:colcon.colcon_core.package_identification:_identify(install) by extension 'ignore'
[0.203s] Level 1:colcon.colcon_core.package_identification:_identify(install) ignored
[0.203s] Level 1:colcon.colcon_core.package_identification:_identify(log) by extensions ['ignore', 'ignore_ament_install']
[0.203s] Level 1:colcon.colcon_core.package_identification:_identify(log) by extension 'ignore'
[0.203s] Level 1:colcon.colcon_core.package_identification:_identify(log) ignored
[0.203s] Level 1:colcon.colcon_core.package_discovery:discover_packages(recursive) using defaults
[0.203s] Level 1:colcon.colcon_core.package_discovery:discover_packages(ignore) discover
[0.203s] Level 1:colcon.colcon_core.package_discovery:discover_packages(ignore) using defaults
[0.203s] Level 1:colcon.colcon_core.package_discovery:discover_packages(path) discover
[0.203s] Level 1:colcon.colcon_core.package_discovery:discover_packages(path) using defaults
[0.214s] Level 1:colcon.colcon_core.package_discovery:discover_packages(prefix_path) check parameters
[0.214s] Level 1:colcon.colcon_core.package_discovery:discover_packages(prefix_path) discover
[0.215s] DEBUG:colcon.colcon_installed_package_information.package_discovery:Found 1 installed packages in /home/dss/ros2_ws/install
[0.216s] DEBUG:colcon.colcon_installed_package_information.package_discovery:Found 1 installed packages in /home/dss/dss/dss_ros2_bridge/install
[0.216s] DEBUG:colcon.colcon_installed_package_information.package_discovery:Found 271 installed packages in /opt/ros/humble
[0.218s] Level 1:colcon.colcon_core.package_discovery:discover_packages(prefix_path) using defaults
[0.249s] Level 5:colcon.colcon_core.verb:set package 'dss_ros2_bridge' build argument 'cmake_args' from command line to 'None'
[0.249s] Level 5:colcon.colcon_core.verb:set package 'dss_ros2_bridge' build argument 'cmake_target' from command line to 'None'
[0.249s] Level 5:colcon.colcon_core.verb:set package 'dss_ros2_bridge' build argument 'cmake_target_skip_unavailable' from command line to 'False'
[0.249s] Level 5:colcon.colcon_core.verb:set package 'dss_ros2_bridge' build argument 'cmake_clean_cache' from command line to 'False'
[0.249s] Level 5:colcon.colcon_core.verb:set package 'dss_ros2_bridge' build argument 'cmake_clean_first' from command line to 'False'
[0.249s] Level 5:colcon.colcon_core.verb:set package 'dss_ros2_bridge' build argument 'cmake_force_configure' from command line to 'False'
[0.250s] Level 5:colcon.colcon_core.verb:set package 'dss_ros2_bridge' build argument 'ament_cmake_args' from command line to 'None'
[0.250s] Level 5:colcon.colcon_core.verb:set package 'dss_ros2_bridge' build argument 'catkin_cmake_args' from command line to 'None'
[0.250s] Level 5:colcon.colcon_core.verb:set package 'dss_ros2_bridge' build argument 'catkin_skip_building_tests' from command line to 'False'
[0.250s] DEBUG:colcon.colcon_core.verb:Building package 'dss_ros2_bridge' with the following arguments: {'ament_cmake_args': None, 'build_base': '/home/dss/dss/dss_ros2_bridge/build/dss_ros2_bridge', 'catkin_cmake_args': None, 'catkin_skip_building_tests': False, 'cmake_args': None, 'cmake_clean_cache': False, 'cmake_clean_first': False, 'cmake_force_configure': False, 'cmake_target': None, 'cmake_target_skip_unavailable': False, 'install_base': '/home/dss/dss/dss_ros2_bridge/install/dss_ros2_bridge', 'merge_install': False, 'path': '/home/dss/dss/dss_ros2_bridge/dss_ros2_bridge', 'symlink_install': True, 'test_result_base': None}
[0.250s] INFO:colcon.colcon_core.executor:Executing jobs using 'parallel' executor
[0.251s] DEBUG:colcon.colcon_parallel_executor.executor.parallel:run_until_complete
[0.251s] INFO:colcon.colcon_ros.task.ament_cmake.build:Building ROS package in '/home/dss/dss/dss_ros2_bridge/dss_ros2_bridge' with build type 'ament_cmake'
[0.251s] INFO:colcon.colcon_cmake.task.cmake.build:Building CMake package in '/home/dss/dss/dss_ros2_bridge/dss_ros2_bridge'
[0.252s] INFO:colcon.colcon_core.plugin_system:Skipping extension 'colcon_core.shell.bat': Not used on non-Windows systems
[0.252s] INFO:colcon.colcon_core.shell:Skip shell extension 'powershell' for command environment: Not usable outside of PowerShell
[0.253s] DEBUG:colcon.colcon_core.shell:Skip shell extension 'dsv' for command environment
[0.261s] DEBUG:colcon.colcon_core.event_handler.log_command:Invoking command in '/home/dss/dss/dss_ros2_bridge/build/dss_ros2_bridge': CMAKE_PREFIX_PATH=${CMAKE_PREFIX_PATH}:/opt/ros/humble /usr/bin/cmake --build /home/dss/dss/dss_ros2_bridge/build/dss_ros2_bridge -- -j32 -l32
[4.817s] DEBUG:colcon.colcon_core.event_handler.log_command:Invoked command in '/home/dss/dss/dss_ros2_bridge/build/dss_ros2_bridge' returned '2': CMAKE_PREFIX_PATH=${CMAKE_PREFIX_PATH}:/opt/ros/humble /usr/bin/cmake --build /home/dss/dss/dss_ros2_bridge/build/dss_ros2_bridge -- -j32 -l32
[4.817s] Level 1:colcon.colcon_core.environment:create_environment_scripts_only(dss_ros2_bridge)
[4.819s] Level 1:colcon.colcon_core.environment:checking '/home/dss/dss/dss_ros2_bridge/install/dss_ros2_bridge' for CMake module files
[4.819s] Level 1:colcon.colcon_core.environment:checking '/home/dss/dss/dss_ros2_bridge/install/dss_ros2_bridge' for CMake config files
[4.819s] Level 1:colcon.colcon_core.shell:create_environment_hook('dss_ros2_bridge', 'cmake_prefix_path')
[4.820s] INFO:colcon.colcon_core.shell:Creating environment hook '/home/dss/dss/dss_ros2_bridge/install/dss_ros2_bridge/share/dss_ros2_bridge/hook/cmake_prefix_path.ps1'
[4.820s] INFO:colcon.colcon_core.shell:Creating environment descriptor '/home/dss/dss/dss_ros2_bridge/install/dss_ros2_bridge/share/dss_ros2_bridge/hook/cmake_prefix_path.dsv'
[4.820s] INFO:colcon.colcon_core.shell:Creating environment hook '/home/dss/dss/dss_ros2_bridge/install/dss_ros2_bridge/share/dss_ros2_bridge/hook/cmake_prefix_path.sh'
[4.821s] Level 1:colcon.colcon_core.environment:checking '/home/dss/dss/dss_ros2_bridge/install/dss_ros2_bridge/lib'
[4.821s] Level 1:colcon.colcon_core.shell:create_environment_hook('dss_ros2_bridge', 'ld_library_path_lib')
[4.821s] INFO:colcon.colcon_core.shell:Creating environment hook '/home/dss/dss/dss_ros2_bridge/install/dss_ros2_bridge/share/dss_ros2_bridge/hook/ld_library_path_lib.ps1'
[4.821s] INFO:colcon.colcon_core.shell:Creating environment descriptor '/home/dss/dss/dss_ros2_bridge/install/dss_ros2_bridge/share/dss_ros2_bridge/hook/ld_library_path_lib.dsv'
[4.822s] INFO:colcon.colcon_core.shell:Creating environment hook '/home/dss/dss/dss_ros2_bridge/install/dss_ros2_bridge/share/dss_ros2_bridge/hook/ld_library_path_lib.sh'
[4.822s] Level 1:colcon.colcon_core.environment:checking '/home/dss/dss/dss_ros2_bridge/install/dss_ros2_bridge/bin'
[4.822s] Level 1:colcon.colcon_core.environment:checking '/home/dss/dss/dss_ros2_bridge/install/dss_ros2_bridge/lib/pkgconfig/dss_ros2_bridge.pc'
[4.822s] Level 1:colcon.colcon_core.environment:checking '/home/dss/dss/dss_ros2_bridge/install/dss_ros2_bridge/lib/python3.10/site-packages'
[4.822s] Level 1:colcon.colcon_core.environment:checking '/home/dss/dss/dss_ros2_bridge/install/dss_ros2_bridge/bin'
[4.822s] INFO:colcon.colcon_core.shell:Creating package script '/home/dss/dss/dss_ros2_bridge/install/dss_ros2_bridge/share/dss_ros2_bridge/package.ps1'
[4.823s] INFO:colcon.colcon_core.shell:Creating package descriptor '/home/dss/dss/dss_ros2_bridge/install/dss_ros2_bridge/share/dss_ros2_bridge/package.dsv'
[4.823s] INFO:colcon.colcon_core.shell:Creating package script '/home/dss/dss/dss_ros2_bridge/install/dss_ros2_bridge/share/dss_ros2_bridge/package.sh'
[4.824s] INFO:colcon.colcon_core.shell:Creating package script '/home/dss/dss/dss_ros2_bridge/install/dss_ros2_bridge/share/dss_ros2_bridge/package.bash'
[4.824s] INFO:colcon.colcon_core.shell:Creating package script '/home/dss/dss/dss_ros2_bridge/install/dss_ros2_bridge/share/dss_ros2_bridge/package.zsh'
[4.825s] Level 1:colcon.colcon_core.environment:create_file_with_runtime_dependencies(/home/dss/dss/dss_ros2_bridge/install/dss_ros2_bridge/share/colcon-core/packages/dss_ros2_bridge)
[4.835s] DEBUG:colcon.colcon_parallel_executor.executor.parallel:closing loop
[4.836s] DEBUG:colcon.colcon_parallel_executor.executor.parallel:loop closed
[4.836s] DEBUG:colcon.colcon_parallel_executor.executor.parallel:run_until_complete finished with '2'
[4.836s] DEBUG:colcon.colcon_core.event_reactor:joining thread
[4.872s] INFO:colcon.colcon_core.plugin_system:Skipping extension 'colcon_notification.desktop_notification.notify_send': Could not find 'notify-send'
[4.872s] INFO:colcon.colcon_core.plugin_system:Skipping extension 'colcon_notification.desktop_notification.terminal_notifier': Not used on non-Darwin systems
[4.872s] INFO:colcon.colcon_core.plugin_system:Skipping extension 'colcon_notification.desktop_notification.win32': Not used on non-Windows systems
[4.872s] INFO:colcon.colcon_notification.desktop_notification:Sending desktop notification using 'notify2'
[4.878s] DEBUG:colcon.colcon_notification.desktop_notification.notify2:Failed to initialize notify2: org.freedesktop.DBus.Error.ServiceUnknown: The name org.freedesktop.Notifications was not provided by any .service files
[4.878s] DEBUG:colcon.colcon_core.event_reactor:joined thread
[4.878s] INFO:colcon.colcon_core.shell:Creating prefix script '/home/dss/dss/dss_ros2_bridge/install/local_setup.ps1'
[4.879s] INFO:colcon.colcon_core.shell:Creating prefix util module '/home/dss/dss/dss_ros2_bridge/install/_local_setup_util_ps1.py'
[4.880s] INFO:colcon.colcon_core.shell:Creating prefix chain script '/home/dss/dss/dss_ros2_bridge/install/setup.ps1'
[4.881s] INFO:colcon.colcon_core.shell:Creating prefix script '/home/dss/dss/dss_ros2_bridge/install/local_setup.sh'
[4.881s] INFO:colcon.colcon_core.shell:Creating prefix util module '/home/dss/dss/dss_ros2_bridge/install/_local_setup_util_sh.py'
[4.881s] INFO:colcon.colcon_core.shell:Creating prefix chain script '/home/dss/dss/dss_ros2_bridge/install/setup.sh'
[4.882s] INFO:colcon.colcon_core.shell:Creating prefix script '/home/dss/dss/dss_ros2_bridge/install/local_setup.bash'
[4.883s] INFO:colcon.colcon_core.shell:Creating prefix chain script '/home/dss/dss/dss_ros2_bridge/install/setup.bash'
[4.883s] INFO:colcon.colcon_core.shell:Creating prefix script '/home/dss/dss/dss_ros2_bridge/install/local_setup.zsh'
[4.884s] INFO:colcon.colcon_core.shell:Creating prefix chain script '/home/dss/dss/dss_ros2_bridge/install/setup.zsh'
