[  4%] Built target dss_ros2_bridge__cpp
[  9%] Built target dss_ros2_bridge__rosidl_generator_c
[  9%] Built target ament_cmake_python_symlink_dss_ros2_bridge
[ 15%] Built target dss_ros2_bridge__rosidl_typesupport_introspection_c
[ 27%] Built target dss_ros2_bridge__rosidl_typesupport_fastrtps_c
[ 34%] Built target dss_ros2_bridge__rosidl_typesupport_fastrtps_cpp
[ 36%] Built target dss_ros2_bridge__rosidl_typesupport_cpp
[ 43%] Built target dss_ros2_bridge__rosidl_typesupport_c
[ 50%] Built target dss_ros2_bridge__rosidl_typesupport_introspection_cpp
[35m[1mConsolidate compiler generated dependencies of target DSSToROSIMUNode[0m
[ 50%] Built target dss_ros2_bridge
[ 59%] [32mBuilding CXX object CMakeFiles/DSSToROSImageNode.dir/src/DSSToROSImage.cpp.o[0m
[ 68%] Built target DSSDemoNode
[ 65%] Built target DSSToROSPointCloudNode
[ 70%] [32mBuilding CXX object CMakeFiles/DSSToROSIMUNode.dir/src/DSSToROSIMU.cpp.o[0m
[ 72%] Built target dss_ros2_bridge__py
[ 77%] Built target dss_ros2_bridge__rosidl_generator_py
[ 81%] Built target dss_ros2_bridge__rosidl_typesupport_introspection_c__pyext
[ 88%] Built target dss_ros2_bridge__rosidl_typesupport_fastrtps_c__pyext
[ 90%] Built target dss_ros2_bridge__rosidl_typesupport_c__pyext
running egg_info
writing dss_ros2_bridge.egg-info/PKG-INFO
writing dependency_links to dss_ros2_bridge.egg-info/dependency_links.txt
writing top-level names to dss_ros2_bridge.egg-info/top_level.txt
reading manifest file 'dss_ros2_bridge.egg-info/SOURCES.txt'
writing manifest file 'dss_ros2_bridge.egg-info/SOURCES.txt'
[ 90%] Built target ament_cmake_python_build_dss_ros2_bridge_egg
[ 93%] [32m[1mLinking CXX executable DSSToROSIMUNode[0m
[ 95%] Built target DSSToROSIMUNode
