[0.010s] Invoking command in '/home/dss/dss/dss_ros2_bridge/build/dss_ros2_bridge': CMAKE_PREFIX_PATH=${CMAKE_PREFIX_PATH}:/opt/ros/humble /usr/bin/cmake --build /home/dss/dss/dss_ros2_bridge/build/dss_ros2_bridge -- -j32 -l32
[0.055s] [  2%] Built target dss_ros2_bridge__cpp
[0.056s] [  9%] Built target dss_ros2_bridge__rosidl_generator_c
[0.063s] [  9%] Built target ament_cmake_python_symlink_dss_ros2_bridge
[0.074s] [ 15%] Built target dss_ros2_bridge__rosidl_typesupport_introspection_cpp
[0.074s] [ 27%] Built target dss_ros2_bridge__rosidl_typesupport_fastrtps_cpp
[0.074s] [ 29%] Built target dss_ros2_bridge__rosidl_typesupport_cpp
[0.082s] [ 43%] Built target dss_ros2_bridge__rosidl_typesupport_fastrtps_c
[0.083s] [ 43%] Built target dss_ros2_bridge__rosidl_typesupport_introspection_c
[0.083s] [ 50%] Built target dss_ros2_bridge__rosidl_typesupport_c
[0.085s] [35m[1mConsolidate compiler generated dependencies of target DSSToROSImageNode[0m
[0.097s] [ 68%] Built target DSSDemoNode
[0.098s] [ 72%] Built target DSSToROSIMUNode
[0.098s] [ 72%] Built target DSSToROSPointCloudNode
[0.100s] [ 72%] Built target dss_ros2_bridge
[0.105s] [ 75%] [32mBuilding CXX object CMakeFiles/DSSToROSImageNode.dir/src/DSSToROSImage.cpp.o[0m
[0.121s] [ 77%] Built target dss_ros2_bridge__py
[0.142s] [ 81%] Built target dss_ros2_bridge__rosidl_generator_py
[0.162s] [ 95%] Built target dss_ros2_bridge__rosidl_typesupport_fastrtps_c__pyext
[0.162s] [ 95%] Built target dss_ros2_bridge__rosidl_typesupport_introspection_c__pyext
[0.162s] [ 95%] Built target dss_ros2_bridge__rosidl_typesupport_c__pyext
[0.199s] running egg_info
[0.199s] writing dss_ros2_bridge.egg-info/PKG-INFO
[0.200s] writing dependency_links to dss_ros2_bridge.egg-info/dependency_links.txt
[0.200s] writing top-level names to dss_ros2_bridge.egg-info/top_level.txt
[0.201s] reading manifest file 'dss_ros2_bridge.egg-info/SOURCES.txt'
[0.201s] writing manifest file 'dss_ros2_bridge.egg-info/SOURCES.txt'
[0.224s] [ 95%] Built target ament_cmake_python_build_dss_ros2_bridge_egg
[5.545s] [ 97%] [32m[1mLinking CXX executable DSSToROSImageNode[0m
[6.026s] [100%] Built target DSSToROSImageNode
[6.038s] Invoked command in '/home/dss/dss/dss_ros2_bridge/build/dss_ros2_bridge' returned '0': CMAKE_PREFIX_PATH=${CMAKE_PREFIX_PATH}:/opt/ros/humble /usr/bin/cmake --build /home/dss/dss/dss_ros2_bridge/build/dss_ros2_bridge -- -j32 -l32
[6.048s] Invoking command in '/home/dss/dss/dss_ros2_bridge/build/dss_ros2_bridge': CMAKE_PREFIX_PATH=${CMAKE_PREFIX_PATH}:/opt/ros/humble /usr/bin/cmake --install /home/dss/dss/dss_ros2_bridge/build/dss_ros2_bridge
[6.054s] -- Install configuration: ""
[6.055s] -- Execute custom install script
[6.055s] -- Up-to-date symlink: /home/dss/dss/dss_ros2_bridge/install/dss_ros2_bridge/share/ament_index/resource_index/rosidl_interfaces/dss_ros2_bridge
[6.055s] -- Up-to-date symlink: /home/dss/dss/dss_ros2_bridge/install/dss_ros2_bridge/include/dss_ros2_bridge/dss_ros2_bridge/msg/detail/dss_control__functions.h
[6.055s] -- Up-to-date symlink: /home/dss/dss/dss_ros2_bridge/install/dss_ros2_bridge/include/dss_ros2_bridge/dss_ros2_bridge/msg/detail/dss_control__struct.h
[6.055s] -- Up-to-date symlink: /home/dss/dss/dss_ros2_bridge/install/dss_ros2_bridge/include/dss_ros2_bridge/dss_ros2_bridge/msg/detail/dss_control__type_support.h
[6.056s] -- Up-to-date symlink: /home/dss/dss/dss_ros2_bridge/install/dss_ros2_bridge/include/dss_ros2_bridge/dss_ros2_bridge/msg/dss_control.h
[6.056s] -- Up-to-date symlink: /home/dss/dss/dss_ros2_bridge/install/dss_ros2_bridge/include/dss_ros2_bridge/dss_ros2_bridge/msg/rosidl_generator_c__visibility_control.h
[6.056s] -- Up-to-date symlink: /home/dss/dss/dss_ros2_bridge/install/dss_ros2_bridge/share/dss_ros2_bridge/environment/library_path.sh
[6.056s] -- Up-to-date symlink: /home/dss/dss/dss_ros2_bridge/install/dss_ros2_bridge/share/dss_ros2_bridge/environment/library_path.dsv
[6.056s] -- Up-to-date symlink: /home/dss/dss/dss_ros2_bridge/install/dss_ros2_bridge/include/dss_ros2_bridge/dss_ros2_bridge/msg/detail/dss_control__rosidl_typesupport_fastrtps_c.h
[6.056s] -- Up-to-date symlink: /home/dss/dss/dss_ros2_bridge/install/dss_ros2_bridge/include/dss_ros2_bridge/dss_ros2_bridge/msg/rosidl_typesupport_fastrtps_c__visibility_control.h
[6.056s] -- Up-to-date symlink: /home/dss/dss/dss_ros2_bridge/install/dss_ros2_bridge/include/dss_ros2_bridge/dss_ros2_bridge/msg/detail/dss_control__builder.hpp
[6.056s] -- Up-to-date symlink: /home/dss/dss/dss_ros2_bridge/install/dss_ros2_bridge/include/dss_ros2_bridge/dss_ros2_bridge/msg/detail/dss_control__struct.hpp
[6.057s] -- Up-to-date symlink: /home/dss/dss/dss_ros2_bridge/install/dss_ros2_bridge/include/dss_ros2_bridge/dss_ros2_bridge/msg/detail/dss_control__traits.hpp
[6.057s] -- Up-to-date symlink: /home/dss/dss/dss_ros2_bridge/install/dss_ros2_bridge/include/dss_ros2_bridge/dss_ros2_bridge/msg/detail/dss_control__type_support.hpp
[6.057s] -- Up-to-date symlink: /home/dss/dss/dss_ros2_bridge/install/dss_ros2_bridge/include/dss_ros2_bridge/dss_ros2_bridge/msg/dss_control.hpp
[6.057s] -- Up-to-date symlink: /home/dss/dss/dss_ros2_bridge/install/dss_ros2_bridge/include/dss_ros2_bridge/dss_ros2_bridge/msg/rosidl_generator_cpp__visibility_control.hpp
[6.057s] -- Up-to-date symlink: /home/dss/dss/dss_ros2_bridge/install/dss_ros2_bridge/include/dss_ros2_bridge/dss_ros2_bridge/msg/detail/dss_control__rosidl_typesupport_fastrtps_cpp.hpp
[6.057s] -- Up-to-date symlink: /home/dss/dss/dss_ros2_bridge/install/dss_ros2_bridge/include/dss_ros2_bridge/dss_ros2_bridge/msg/rosidl_typesupport_fastrtps_cpp__visibility_control.h
[6.058s] -- Up-to-date symlink: /home/dss/dss/dss_ros2_bridge/install/dss_ros2_bridge/include/dss_ros2_bridge/dss_ros2_bridge/msg/detail/dss_control__rosidl_typesupport_introspection_c.h
[6.058s] -- Up-to-date symlink: /home/dss/dss/dss_ros2_bridge/install/dss_ros2_bridge/include/dss_ros2_bridge/dss_ros2_bridge/msg/rosidl_typesupport_introspection_c__visibility_control.h
[6.058s] -- Up-to-date symlink: /home/dss/dss/dss_ros2_bridge/install/dss_ros2_bridge/include/dss_ros2_bridge/dss_ros2_bridge/msg/detail/dss_control__rosidl_typesupport_introspection_cpp.hpp
[6.058s] -- Up-to-date symlink: /home/dss/dss/dss_ros2_bridge/install/dss_ros2_bridge/share/dss_ros2_bridge/environment/pythonpath.sh
[6.058s] -- Up-to-date symlink: /home/dss/dss/dss_ros2_bridge/install/dss_ros2_bridge/share/dss_ros2_bridge/environment/pythonpath.dsv
[6.058s] -- Up-to-date symlink: /home/dss/dss/dss_ros2_bridge/install/dss_ros2_bridge/local/lib/python3.10/dist-packages/dss_ros2_bridge-1.0.0-py3.10.egg-info/PKG-INFO
[6.058s] -- Up-to-date symlink: /home/dss/dss/dss_ros2_bridge/install/dss_ros2_bridge/local/lib/python3.10/dist-packages/dss_ros2_bridge-1.0.0-py3.10.egg-info/SOURCES.txt
[6.058s] -- Up-to-date symlink: /home/dss/dss/dss_ros2_bridge/install/dss_ros2_bridge/local/lib/python3.10/dist-packages/dss_ros2_bridge-1.0.0-py3.10.egg-info/dependency_links.txt
[6.059s] -- Up-to-date symlink: /home/dss/dss/dss_ros2_bridge/install/dss_ros2_bridge/local/lib/python3.10/dist-packages/dss_ros2_bridge-1.0.0-py3.10.egg-info/top_level.txt
[6.059s] -- Up-to-date symlink: /home/dss/dss/dss_ros2_bridge/install/dss_ros2_bridge/local/lib/python3.10/dist-packages/dss_ros2_bridge/__init__.py
[6.059s] -- Up-to-date symlink: /home/dss/dss/dss_ros2_bridge/install/dss_ros2_bridge/local/lib/python3.10/dist-packages/dss_ros2_bridge/_dss_ros2_bridge_s.ep.rosidl_typesupport_c.c
[6.059s] -- Up-to-date symlink: /home/dss/dss/dss_ros2_bridge/install/dss_ros2_bridge/local/lib/python3.10/dist-packages/dss_ros2_bridge/_dss_ros2_bridge_s.ep.rosidl_typesupport_fastrtps_c.c
[6.059s] -- Up-to-date symlink: /home/dss/dss/dss_ros2_bridge/install/dss_ros2_bridge/local/lib/python3.10/dist-packages/dss_ros2_bridge/_dss_ros2_bridge_s.ep.rosidl_typesupport_introspection_c.c
[6.059s] -- Up-to-date symlink: /home/dss/dss/dss_ros2_bridge/install/dss_ros2_bridge/local/lib/python3.10/dist-packages/dss_ros2_bridge/dss_ros2_bridge_s__rosidl_typesupport_c.cpython-310-x86_64-linux-gnu.so
[6.059s] -- Up-to-date symlink: /home/dss/dss/dss_ros2_bridge/install/dss_ros2_bridge/local/lib/python3.10/dist-packages/dss_ros2_bridge/dss_ros2_bridge_s__rosidl_typesupport_fastrtps_c.cpython-310-x86_64-linux-gnu.so
[6.059s] -- Up-to-date symlink: /home/dss/dss/dss_ros2_bridge/install/dss_ros2_bridge/local/lib/python3.10/dist-packages/dss_ros2_bridge/dss_ros2_bridge_s__rosidl_typesupport_introspection_c.cpython-310-x86_64-linux-gnu.so
[6.059s] -- Up-to-date symlink: /home/dss/dss/dss_ros2_bridge/install/dss_ros2_bridge/local/lib/python3.10/dist-packages/dss_ros2_bridge/libdss_ros2_bridge__rosidl_generator_py.so
[6.060s] -- Up-to-date symlink: /home/dss/dss/dss_ros2_bridge/install/dss_ros2_bridge/local/lib/python3.10/dist-packages/dss_ros2_bridge/msg/__init__.py
[6.060s] -- Up-to-date symlink: /home/dss/dss/dss_ros2_bridge/install/dss_ros2_bridge/local/lib/python3.10/dist-packages/dss_ros2_bridge/msg/_dss_control.py
[6.060s] -- Up-to-date symlink: /home/dss/dss/dss_ros2_bridge/install/dss_ros2_bridge/local/lib/python3.10/dist-packages/dss_ros2_bridge/msg/_dss_control_s.c
[6.060s] -- Up-to-date symlink: /home/dss/dss/dss_ros2_bridge/install/dss_ros2_bridge/local/lib/python3.10/dist-packages/dss_ros2_bridge/dss_ros2_bridge_s__rosidl_typesupport_fastrtps_c.cpython-310-x86_64-linux-gnu.so
[6.060s] -- Up-to-date symlink: /home/dss/dss/dss_ros2_bridge/install/dss_ros2_bridge/local/lib/python3.10/dist-packages/dss_ros2_bridge/dss_ros2_bridge_s__rosidl_typesupport_introspection_c.cpython-310-x86_64-linux-gnu.so
[6.060s] -- Up-to-date symlink: /home/dss/dss/dss_ros2_bridge/install/dss_ros2_bridge/local/lib/python3.10/dist-packages/dss_ros2_bridge/dss_ros2_bridge_s__rosidl_typesupport_c.cpython-310-x86_64-linux-gnu.so
[6.060s] -- Up-to-date symlink: /home/dss/dss/dss_ros2_bridge/install/dss_ros2_bridge/share/dss_ros2_bridge/msg/DssControl.idl
[6.060s] -- Up-to-date symlink: /home/dss/dss/dss_ros2_bridge/install/dss_ros2_bridge/share/dss_ros2_bridge/msg/DssControl.msg
[6.061s] -- Up-to-date symlink: /home/dss/dss/dss_ros2_bridge/install/dss_ros2_bridge/lib/dss_ros2_bridge/DSSToROSImageNode
[6.061s] -- Up-to-date symlink: /home/dss/dss/dss_ros2_bridge/install/dss_ros2_bridge/lib/dss_ros2_bridge/DSSToROSPointCloudNode
[6.061s] -- Up-to-date symlink: /home/dss/dss/dss_ros2_bridge/install/dss_ros2_bridge/lib/dss_ros2_bridge/DSSToROSIMUNode
[6.061s] -- Up-to-date symlink: /home/dss/dss/dss_ros2_bridge/install/dss_ros2_bridge/lib/dss_ros2_bridge/DSSDemoNode
[6.061s] -- Up-to-date symlink: /home/dss/dss/dss_ros2_bridge/install/dss_ros2_bridge/lib/dss_ros2_bridge/libdss_ros2_bridge__rosidl_typesupport_cpp.so
[6.061s] -- Up-to-date symlink: /home/dss/dss/dss_ros2_bridge/install/dss_ros2_bridge/share/dss_ros2_bridge/msg/DssControl.msg
[6.061s] -- Up-to-date symlink: /home/dss/dss/dss_ros2_bridge/install/dss_ros2_bridge/share/dss_ros2_bridge/launch/launch.py
[6.061s] -- Up-to-date symlink: /home/dss/dss/dss_ros2_bridge/install/dss_ros2_bridge/share/ament_index/resource_index/package_run_dependencies/dss_ros2_bridge
[6.062s] -- Up-to-date symlink: /home/dss/dss/dss_ros2_bridge/install/dss_ros2_bridge/share/ament_index/resource_index/parent_prefix_path/dss_ros2_bridge
[6.062s] -- Up-to-date symlink: /home/dss/dss/dss_ros2_bridge/install/dss_ros2_bridge/share/dss_ros2_bridge/environment/ament_prefix_path.sh
[6.062s] -- Up-to-date symlink: /home/dss/dss/dss_ros2_bridge/install/dss_ros2_bridge/share/dss_ros2_bridge/environment/ament_prefix_path.dsv
[6.062s] -- Up-to-date symlink: /home/dss/dss/dss_ros2_bridge/install/dss_ros2_bridge/share/dss_ros2_bridge/environment/path.sh
[6.062s] -- Up-to-date symlink: /home/dss/dss/dss_ros2_bridge/install/dss_ros2_bridge/share/dss_ros2_bridge/environment/path.dsv
[6.062s] -- Up-to-date symlink: /home/dss/dss/dss_ros2_bridge/install/dss_ros2_bridge/share/dss_ros2_bridge/local_setup.bash
[6.062s] -- Up-to-date symlink: /home/dss/dss/dss_ros2_bridge/install/dss_ros2_bridge/share/dss_ros2_bridge/local_setup.sh
[6.062s] -- Up-to-date symlink: /home/dss/dss/dss_ros2_bridge/install/dss_ros2_bridge/share/dss_ros2_bridge/local_setup.zsh
[6.063s] -- Up-to-date symlink: /home/dss/dss/dss_ros2_bridge/install/dss_ros2_bridge/share/dss_ros2_bridge/local_setup.dsv
[6.063s] -- Symlinking: /home/dss/dss/dss_ros2_bridge/install/dss_ros2_bridge/share/dss_ros2_bridge/package.dsv
[6.072s] -- Up-to-date symlink: /home/dss/dss/dss_ros2_bridge/install/dss_ros2_bridge/share/ament_index/resource_index/packages/dss_ros2_bridge
[6.072s] -- Up-to-date symlink: /home/dss/dss/dss_ros2_bridge/install/dss_ros2_bridge/share/dss_ros2_bridge/cmake/rosidl_cmake-extras.cmake
[6.072s] -- Up-to-date symlink: /home/dss/dss/dss_ros2_bridge/install/dss_ros2_bridge/share/dss_ros2_bridge/cmake/ament_cmake_export_include_directories-extras.cmake
[6.072s] -- Up-to-date symlink: /home/dss/dss/dss_ros2_bridge/install/dss_ros2_bridge/share/dss_ros2_bridge/cmake/ament_cmake_export_libraries-extras.cmake
[6.072s] -- Up-to-date symlink: /home/dss/dss/dss_ros2_bridge/install/dss_ros2_bridge/share/dss_ros2_bridge/cmake/ament_cmake_export_targets-extras.cmake
[6.072s] -- Up-to-date symlink: /home/dss/dss/dss_ros2_bridge/install/dss_ros2_bridge/share/dss_ros2_bridge/cmake/rosidl_cmake_export_typesupport_targets-extras.cmake
[6.073s] -- Up-to-date symlink: /home/dss/dss/dss_ros2_bridge/install/dss_ros2_bridge/share/dss_ros2_bridge/cmake/ament_cmake_export_dependencies-extras.cmake
[6.073s] -- Up-to-date symlink: /home/dss/dss/dss_ros2_bridge/install/dss_ros2_bridge/share/dss_ros2_bridge/cmake/rosidl_cmake_export_typesupport_libraries-extras.cmake
[6.073s] -- Up-to-date symlink: /home/dss/dss/dss_ros2_bridge/install/dss_ros2_bridge/share/dss_ros2_bridge/cmake/dss_ros2_bridgeConfig.cmake
[6.073s] -- Up-to-date symlink: /home/dss/dss/dss_ros2_bridge/install/dss_ros2_bridge/share/dss_ros2_bridge/cmake/dss_ros2_bridgeConfig-version.cmake
[6.073s] -- Up-to-date symlink: /home/dss/dss/dss_ros2_bridge/install/dss_ros2_bridge/share/dss_ros2_bridge/package.xml
[6.073s] -- Up-to-date: /home/dss/dss/dss_ros2_bridge/install/dss_ros2_bridge/lib/libdss_ros2_bridge__rosidl_generator_c.so
[6.073s] -- Up-to-date: /home/dss/dss/dss_ros2_bridge/install/dss_ros2_bridge/lib/libdss_ros2_bridge__rosidl_typesupport_fastrtps_c.so
[6.074s] -- Up-to-date: /home/dss/dss/dss_ros2_bridge/install/dss_ros2_bridge/lib/libdss_ros2_bridge__rosidl_typesupport_fastrtps_cpp.so
[6.074s] -- Up-to-date: /home/dss/dss/dss_ros2_bridge/install/dss_ros2_bridge/lib/libdss_ros2_bridge__rosidl_typesupport_introspection_c.so
[6.074s] -- Up-to-date: /home/dss/dss/dss_ros2_bridge/install/dss_ros2_bridge/lib/libdss_ros2_bridge__rosidl_typesupport_c.so
[6.074s] -- Up-to-date: /home/dss/dss/dss_ros2_bridge/install/dss_ros2_bridge/lib/libdss_ros2_bridge__rosidl_typesupport_introspection_cpp.so
[6.074s] -- Up-to-date: /home/dss/dss/dss_ros2_bridge/install/dss_ros2_bridge/lib/libdss_ros2_bridge__rosidl_typesupport_cpp.so
[6.096s] Listing '/home/dss/dss/dss_ros2_bridge/install/dss_ros2_bridge/local/lib/python3.10/dist-packages/dss_ros2_bridge'...
[6.096s] Listing '/home/dss/dss/dss_ros2_bridge/install/dss_ros2_bridge/local/lib/python3.10/dist-packages/dss_ros2_bridge/msg'...
[6.099s] -- Up-to-date: /home/dss/dss/dss_ros2_bridge/install/dss_ros2_bridge/lib/libdss_ros2_bridge__rosidl_generator_py.so
[6.099s] -- Up-to-date: /home/dss/dss/dss_ros2_bridge/install/dss_ros2_bridge/share/dss_ros2_bridge/cmake/export_dss_ros2_bridge__rosidl_generator_cExport.cmake
[6.099s] -- Up-to-date: /home/dss/dss/dss_ros2_bridge/install/dss_ros2_bridge/share/dss_ros2_bridge/cmake/export_dss_ros2_bridge__rosidl_generator_cExport-noconfig.cmake
[6.099s] -- Up-to-date: /home/dss/dss/dss_ros2_bridge/install/dss_ros2_bridge/share/dss_ros2_bridge/cmake/export_dss_ros2_bridge__rosidl_typesupport_fastrtps_cExport.cmake
[6.099s] -- Up-to-date: /home/dss/dss/dss_ros2_bridge/install/dss_ros2_bridge/share/dss_ros2_bridge/cmake/export_dss_ros2_bridge__rosidl_typesupport_fastrtps_cExport-noconfig.cmake
[6.100s] -- Up-to-date: /home/dss/dss/dss_ros2_bridge/install/dss_ros2_bridge/share/dss_ros2_bridge/cmake/export_dss_ros2_bridge__rosidl_generator_cppExport.cmake
[6.100s] -- Up-to-date: /home/dss/dss/dss_ros2_bridge/install/dss_ros2_bridge/share/dss_ros2_bridge/cmake/export_dss_ros2_bridge__rosidl_typesupport_fastrtps_cppExport.cmake
[6.100s] -- Up-to-date: /home/dss/dss/dss_ros2_bridge/install/dss_ros2_bridge/share/dss_ros2_bridge/cmake/export_dss_ros2_bridge__rosidl_typesupport_fastrtps_cppExport-noconfig.cmake
[6.100s] -- Up-to-date: /home/dss/dss/dss_ros2_bridge/install/dss_ros2_bridge/share/dss_ros2_bridge/cmake/dss_ros2_bridge__rosidl_typesupport_introspection_cExport.cmake
[6.100s] -- Up-to-date: /home/dss/dss/dss_ros2_bridge/install/dss_ros2_bridge/share/dss_ros2_bridge/cmake/dss_ros2_bridge__rosidl_typesupport_introspection_cExport-noconfig.cmake
[6.100s] -- Up-to-date: /home/dss/dss/dss_ros2_bridge/install/dss_ros2_bridge/share/dss_ros2_bridge/cmake/dss_ros2_bridge__rosidl_typesupport_cExport.cmake
[6.100s] -- Up-to-date: /home/dss/dss/dss_ros2_bridge/install/dss_ros2_bridge/share/dss_ros2_bridge/cmake/dss_ros2_bridge__rosidl_typesupport_cExport-noconfig.cmake
[6.100s] -- Up-to-date: /home/dss/dss/dss_ros2_bridge/install/dss_ros2_bridge/share/dss_ros2_bridge/cmake/dss_ros2_bridge__rosidl_typesupport_introspection_cppExport.cmake
[6.100s] -- Up-to-date: /home/dss/dss/dss_ros2_bridge/install/dss_ros2_bridge/share/dss_ros2_bridge/cmake/dss_ros2_bridge__rosidl_typesupport_introspection_cppExport-noconfig.cmake
[6.100s] -- Up-to-date: /home/dss/dss/dss_ros2_bridge/install/dss_ros2_bridge/share/dss_ros2_bridge/cmake/dss_ros2_bridge__rosidl_typesupport_cppExport.cmake
[6.100s] -- Up-to-date: /home/dss/dss/dss_ros2_bridge/install/dss_ros2_bridge/share/dss_ros2_bridge/cmake/dss_ros2_bridge__rosidl_typesupport_cppExport-noconfig.cmake
[6.100s] -- Up-to-date: /home/dss/dss/dss_ros2_bridge/install/dss_ros2_bridge/share/dss_ros2_bridge/cmake/export_dss_ros2_bridge__rosidl_generator_pyExport.cmake
[6.100s] -- Up-to-date: /home/dss/dss/dss_ros2_bridge/install/dss_ros2_bridge/share/dss_ros2_bridge/cmake/export_dss_ros2_bridge__rosidl_generator_pyExport-noconfig.cmake
[6.103s] Invoked command in '/home/dss/dss/dss_ros2_bridge/build/dss_ros2_bridge' returned '0': CMAKE_PREFIX_PATH=${CMAKE_PREFIX_PATH}:/opt/ros/humble /usr/bin/cmake --install /home/dss/dss/dss_ros2_bridge/build/dss_ros2_bridge
