[0.012s] Invoking command in '/home/dss/dss/dss_ros2_bridge/build/dss_ros2_bridge': CMAKE_PREFIX_PATH=${CMAKE_PREFIX_PATH}:/opt/ros/humble /usr/bin/cmake --build /home/dss/dss/dss_ros2_bridge/build/dss_ros2_bridge -- -j32 -l32
[0.101s] [  9%] Built target dss_ros2_bridge__cpp
[0.101s] [  9%] Built target dss_ros2_bridge__rosidl_generator_c
[0.110s] [  9%] Built target ament_cmake_python_symlink_dss_ros2_bridge
[0.120s] [ 36%] Built target dss_ros2_bridge__rosidl_typesupport_cpp
[0.121s] [ 36%] Built target dss_ros2_bridge__rosidl_typesupport_introspection_c
[0.121s] [ 36%] Built target dss_ros2_bridge__rosidl_typesupport_fastrtps_c
[0.121s] [ 36%] Built target dss_ros2_bridge__rosidl_typesupport_fastrtps_cpp
[0.121s] [ 43%] Built target dss_ros2_bridge__rosidl_typesupport_c
[0.122s] [ 50%] Built target dss_ros2_bridge__rosidl_typesupport_introspection_cpp
[0.134s] [35m[1mConsolidate compiler generated dependencies of target DSSToROSImageNode[0m
[0.134s] [35m[1mConsolidate compiler generated dependencies of target DSSToROSIMUNode[0m
[0.142s] [ 50%] Built target dss_ros2_bridge
[0.146s] [ 65%] Built target DSSToROSPointCloudNode
[0.146s] [ 65%] Built target DSSDemoNode
[0.155s] [ 68%] [32mBuilding CXX object CMakeFiles/DSSToROSImageNode.dir/src/DSSToROSImage.cpp.o[0m
[0.155s] [ 75%] Built target DSSToROSIMUNode
[0.162s] [ 77%] Built target dss_ros2_bridge__py
[0.184s] [ 81%] Built target dss_ros2_bridge__rosidl_generator_py
[0.206s] [ 95%] Built target dss_ros2_bridge__rosidl_typesupport_fastrtps_c__pyext
[0.206s] [ 95%] Built target dss_ros2_bridge__rosidl_typesupport_c__pyext
[0.206s] [ 95%] Built target dss_ros2_bridge__rosidl_typesupport_introspection_c__pyext
[0.250s] running egg_info
[0.251s] writing dss_ros2_bridge.egg-info/PKG-INFO
[0.251s] writing dependency_links to dss_ros2_bridge.egg-info/dependency_links.txt
[0.252s] writing top-level names to dss_ros2_bridge.egg-info/top_level.txt
[0.254s] reading manifest file 'dss_ros2_bridge.egg-info/SOURCES.txt'
[0.254s] writing manifest file 'dss_ros2_bridge.egg-info/SOURCES.txt'
[0.279s] [ 95%] Built target ament_cmake_python_build_dss_ros2_bridge_egg
[5.871s] [ 97%] [32m[1mLinking CXX executable DSSToROSImageNode[0m
[6.578s] [100%] Built target DSSToROSImageNode
[6.591s] Invoked command in '/home/dss/dss/dss_ros2_bridge/build/dss_ros2_bridge' returned '0': CMAKE_PREFIX_PATH=${CMAKE_PREFIX_PATH}:/opt/ros/humble /usr/bin/cmake --build /home/dss/dss/dss_ros2_bridge/build/dss_ros2_bridge -- -j32 -l32
[6.601s] Invoking command in '/home/dss/dss/dss_ros2_bridge/build/dss_ros2_bridge': CMAKE_PREFIX_PATH=${CMAKE_PREFIX_PATH}:/opt/ros/humble /usr/bin/cmake --install /home/dss/dss/dss_ros2_bridge/build/dss_ros2_bridge
[6.608s] -- Install configuration: ""
[6.609s] -- Execute custom install script
[6.609s] -- Up-to-date symlink: /home/dss/dss/dss_ros2_bridge/install/dss_ros2_bridge/share/ament_index/resource_index/rosidl_interfaces/dss_ros2_bridge
[6.611s] -- Up-to-date symlink: /home/dss/dss/dss_ros2_bridge/install/dss_ros2_bridge/include/dss_ros2_bridge/dss_ros2_bridge/msg/detail/dss_control__functions.h
[6.611s] -- Up-to-date symlink: /home/dss/dss/dss_ros2_bridge/install/dss_ros2_bridge/include/dss_ros2_bridge/dss_ros2_bridge/msg/detail/dss_control__struct.h
[6.611s] -- Up-to-date symlink: /home/dss/dss/dss_ros2_bridge/install/dss_ros2_bridge/include/dss_ros2_bridge/dss_ros2_bridge/msg/detail/dss_control__type_support.h
[6.612s] -- Up-to-date symlink: /home/dss/dss/dss_ros2_bridge/install/dss_ros2_bridge/include/dss_ros2_bridge/dss_ros2_bridge/msg/dss_control.h
[6.612s] -- Up-to-date symlink: /home/dss/dss/dss_ros2_bridge/install/dss_ros2_bridge/include/dss_ros2_bridge/dss_ros2_bridge/msg/rosidl_generator_c__visibility_control.h
[6.612s] -- Up-to-date symlink: /home/dss/dss/dss_ros2_bridge/install/dss_ros2_bridge/share/dss_ros2_bridge/environment/library_path.sh
[6.613s] -- Up-to-date symlink: /home/dss/dss/dss_ros2_bridge/install/dss_ros2_bridge/share/dss_ros2_bridge/environment/library_path.dsv
[6.614s] -- Up-to-date symlink: /home/dss/dss/dss_ros2_bridge/install/dss_ros2_bridge/include/dss_ros2_bridge/dss_ros2_bridge/msg/detail/dss_control__rosidl_typesupport_fastrtps_c.h
[6.614s] -- Up-to-date symlink: /home/dss/dss/dss_ros2_bridge/install/dss_ros2_bridge/include/dss_ros2_bridge/dss_ros2_bridge/msg/rosidl_typesupport_fastrtps_c__visibility_control.h
[6.615s] -- Up-to-date symlink: /home/dss/dss/dss_ros2_bridge/install/dss_ros2_bridge/include/dss_ros2_bridge/dss_ros2_bridge/msg/detail/dss_control__builder.hpp
[6.615s] -- Up-to-date symlink: /home/dss/dss/dss_ros2_bridge/install/dss_ros2_bridge/include/dss_ros2_bridge/dss_ros2_bridge/msg/detail/dss_control__struct.hpp
[6.615s] -- Up-to-date symlink: /home/dss/dss/dss_ros2_bridge/install/dss_ros2_bridge/include/dss_ros2_bridge/dss_ros2_bridge/msg/detail/dss_control__traits.hpp
[6.615s] -- Up-to-date symlink: /home/dss/dss/dss_ros2_bridge/install/dss_ros2_bridge/include/dss_ros2_bridge/dss_ros2_bridge/msg/detail/dss_control__type_support.hpp
[6.616s] -- Up-to-date symlink: /home/dss/dss/dss_ros2_bridge/install/dss_ros2_bridge/include/dss_ros2_bridge/dss_ros2_bridge/msg/dss_control.hpp
[6.616s] -- Up-to-date symlink: /home/dss/dss/dss_ros2_bridge/install/dss_ros2_bridge/include/dss_ros2_bridge/dss_ros2_bridge/msg/rosidl_generator_cpp__visibility_control.hpp
[6.617s] -- Up-to-date symlink: /home/dss/dss/dss_ros2_bridge/install/dss_ros2_bridge/include/dss_ros2_bridge/dss_ros2_bridge/msg/detail/dss_control__rosidl_typesupport_fastrtps_cpp.hpp
[6.617s] -- Up-to-date symlink: /home/dss/dss/dss_ros2_bridge/install/dss_ros2_bridge/include/dss_ros2_bridge/dss_ros2_bridge/msg/rosidl_typesupport_fastrtps_cpp__visibility_control.h
[6.618s] -- Up-to-date symlink: /home/dss/dss/dss_ros2_bridge/install/dss_ros2_bridge/include/dss_ros2_bridge/dss_ros2_bridge/msg/detail/dss_control__rosidl_typesupport_introspection_c.h
[6.619s] -- Up-to-date symlink: /home/dss/dss/dss_ros2_bridge/install/dss_ros2_bridge/include/dss_ros2_bridge/dss_ros2_bridge/msg/rosidl_typesupport_introspection_c__visibility_control.h
[6.620s] -- Up-to-date symlink: /home/dss/dss/dss_ros2_bridge/install/dss_ros2_bridge/include/dss_ros2_bridge/dss_ros2_bridge/msg/detail/dss_control__rosidl_typesupport_introspection_cpp.hpp
[6.620s] -- Up-to-date symlink: /home/dss/dss/dss_ros2_bridge/install/dss_ros2_bridge/share/dss_ros2_bridge/environment/pythonpath.sh
[6.620s] -- Up-to-date symlink: /home/dss/dss/dss_ros2_bridge/install/dss_ros2_bridge/share/dss_ros2_bridge/environment/pythonpath.dsv
[6.620s] -- Up-to-date symlink: /home/dss/dss/dss_ros2_bridge/install/dss_ros2_bridge/local/lib/python3.10/dist-packages/dss_ros2_bridge-1.0.0-py3.10.egg-info/PKG-INFO
[6.621s] -- Up-to-date symlink: /home/dss/dss/dss_ros2_bridge/install/dss_ros2_bridge/local/lib/python3.10/dist-packages/dss_ros2_bridge-1.0.0-py3.10.egg-info/SOURCES.txt
[6.621s] -- Up-to-date symlink: /home/dss/dss/dss_ros2_bridge/install/dss_ros2_bridge/local/lib/python3.10/dist-packages/dss_ros2_bridge-1.0.0-py3.10.egg-info/dependency_links.txt
[6.621s] -- Up-to-date symlink: /home/dss/dss/dss_ros2_bridge/install/dss_ros2_bridge/local/lib/python3.10/dist-packages/dss_ros2_bridge-1.0.0-py3.10.egg-info/top_level.txt
[6.622s] -- Up-to-date symlink: /home/dss/dss/dss_ros2_bridge/install/dss_ros2_bridge/local/lib/python3.10/dist-packages/dss_ros2_bridge/__init__.py
[6.622s] -- Up-to-date symlink: /home/dss/dss/dss_ros2_bridge/install/dss_ros2_bridge/local/lib/python3.10/dist-packages/dss_ros2_bridge/_dss_ros2_bridge_s.ep.rosidl_typesupport_c.c
[6.622s] -- Up-to-date symlink: /home/dss/dss/dss_ros2_bridge/install/dss_ros2_bridge/local/lib/python3.10/dist-packages/dss_ros2_bridge/_dss_ros2_bridge_s.ep.rosidl_typesupport_fastrtps_c.c
[6.623s] -- Up-to-date symlink: /home/dss/dss/dss_ros2_bridge/install/dss_ros2_bridge/local/lib/python3.10/dist-packages/dss_ros2_bridge/_dss_ros2_bridge_s.ep.rosidl_typesupport_introspection_c.c
[6.623s] -- Up-to-date symlink: /home/dss/dss/dss_ros2_bridge/install/dss_ros2_bridge/local/lib/python3.10/dist-packages/dss_ros2_bridge/dss_ros2_bridge_s__rosidl_typesupport_c.cpython-310-x86_64-linux-gnu.so
[6.623s] -- Up-to-date symlink: /home/dss/dss/dss_ros2_bridge/install/dss_ros2_bridge/local/lib/python3.10/dist-packages/dss_ros2_bridge/dss_ros2_bridge_s__rosidl_typesupport_fastrtps_c.cpython-310-x86_64-linux-gnu.so
[6.623s] -- Up-to-date symlink: /home/dss/dss/dss_ros2_bridge/install/dss_ros2_bridge/local/lib/python3.10/dist-packages/dss_ros2_bridge/dss_ros2_bridge_s__rosidl_typesupport_introspection_c.cpython-310-x86_64-linux-gnu.so
[6.624s] -- Up-to-date symlink: /home/dss/dss/dss_ros2_bridge/install/dss_ros2_bridge/local/lib/python3.10/dist-packages/dss_ros2_bridge/libdss_ros2_bridge__rosidl_generator_py.so
[6.624s] -- Up-to-date symlink: /home/dss/dss/dss_ros2_bridge/install/dss_ros2_bridge/local/lib/python3.10/dist-packages/dss_ros2_bridge/msg/__init__.py
[6.624s] -- Up-to-date symlink: /home/dss/dss/dss_ros2_bridge/install/dss_ros2_bridge/local/lib/python3.10/dist-packages/dss_ros2_bridge/msg/_dss_control.py
[6.625s] -- Up-to-date symlink: /home/dss/dss/dss_ros2_bridge/install/dss_ros2_bridge/local/lib/python3.10/dist-packages/dss_ros2_bridge/msg/_dss_control_s.c
[6.625s] -- Up-to-date symlink: /home/dss/dss/dss_ros2_bridge/install/dss_ros2_bridge/local/lib/python3.10/dist-packages/dss_ros2_bridge/dss_ros2_bridge_s__rosidl_typesupport_fastrtps_c.cpython-310-x86_64-linux-gnu.so
[6.625s] -- Up-to-date symlink: /home/dss/dss/dss_ros2_bridge/install/dss_ros2_bridge/local/lib/python3.10/dist-packages/dss_ros2_bridge/dss_ros2_bridge_s__rosidl_typesupport_introspection_c.cpython-310-x86_64-linux-gnu.so
[6.626s] -- Up-to-date symlink: /home/dss/dss/dss_ros2_bridge/install/dss_ros2_bridge/local/lib/python3.10/dist-packages/dss_ros2_bridge/dss_ros2_bridge_s__rosidl_typesupport_c.cpython-310-x86_64-linux-gnu.so
[6.626s] -- Up-to-date symlink: /home/dss/dss/dss_ros2_bridge/install/dss_ros2_bridge/share/dss_ros2_bridge/msg/DssControl.idl
[6.626s] -- Up-to-date symlink: /home/dss/dss/dss_ros2_bridge/install/dss_ros2_bridge/share/dss_ros2_bridge/msg/DssControl.msg
[6.627s] -- Up-to-date symlink: /home/dss/dss/dss_ros2_bridge/install/dss_ros2_bridge/lib/dss_ros2_bridge/DSSToROSImageNode
[6.627s] -- Up-to-date symlink: /home/dss/dss/dss_ros2_bridge/install/dss_ros2_bridge/lib/dss_ros2_bridge/DSSToROSPointCloudNode
[6.627s] -- Up-to-date symlink: /home/dss/dss/dss_ros2_bridge/install/dss_ros2_bridge/lib/dss_ros2_bridge/DSSToROSIMUNode
[6.628s] -- Up-to-date symlink: /home/dss/dss/dss_ros2_bridge/install/dss_ros2_bridge/lib/dss_ros2_bridge/DSSDemoNode
[6.628s] -- Up-to-date symlink: /home/dss/dss/dss_ros2_bridge/install/dss_ros2_bridge/lib/dss_ros2_bridge/libdss_ros2_bridge__rosidl_typesupport_cpp.so
[6.628s] -- Up-to-date symlink: /home/dss/dss/dss_ros2_bridge/install/dss_ros2_bridge/share/dss_ros2_bridge/msg/DssControl.msg
[6.629s] -- Up-to-date symlink: /home/dss/dss/dss_ros2_bridge/install/dss_ros2_bridge/share/dss_ros2_bridge/launch/launch.py
[6.629s] -- Up-to-date symlink: /home/dss/dss/dss_ros2_bridge/install/dss_ros2_bridge/share/ament_index/resource_index/package_run_dependencies/dss_ros2_bridge
[6.629s] -- Up-to-date symlink: /home/dss/dss/dss_ros2_bridge/install/dss_ros2_bridge/share/ament_index/resource_index/parent_prefix_path/dss_ros2_bridge
[6.629s] -- Up-to-date symlink: /home/dss/dss/dss_ros2_bridge/install/dss_ros2_bridge/share/dss_ros2_bridge/environment/ament_prefix_path.sh
[6.630s] -- Up-to-date symlink: /home/dss/dss/dss_ros2_bridge/install/dss_ros2_bridge/share/dss_ros2_bridge/environment/ament_prefix_path.dsv
[6.630s] -- Up-to-date symlink: /home/dss/dss/dss_ros2_bridge/install/dss_ros2_bridge/share/dss_ros2_bridge/environment/path.sh
[6.630s] -- Up-to-date symlink: /home/dss/dss/dss_ros2_bridge/install/dss_ros2_bridge/share/dss_ros2_bridge/environment/path.dsv
[6.630s] -- Up-to-date symlink: /home/dss/dss/dss_ros2_bridge/install/dss_ros2_bridge/share/dss_ros2_bridge/local_setup.bash
[6.631s] -- Up-to-date symlink: /home/dss/dss/dss_ros2_bridge/install/dss_ros2_bridge/share/dss_ros2_bridge/local_setup.sh
[6.631s] -- Up-to-date symlink: /home/dss/dss/dss_ros2_bridge/install/dss_ros2_bridge/share/dss_ros2_bridge/local_setup.zsh
[6.632s] -- Up-to-date symlink: /home/dss/dss/dss_ros2_bridge/install/dss_ros2_bridge/share/dss_ros2_bridge/local_setup.dsv
[6.632s] -- Symlinking: /home/dss/dss/dss_ros2_bridge/install/dss_ros2_bridge/share/dss_ros2_bridge/package.dsv
[6.641s] -- Up-to-date symlink: /home/dss/dss/dss_ros2_bridge/install/dss_ros2_bridge/share/ament_index/resource_index/packages/dss_ros2_bridge
[6.641s] -- Up-to-date symlink: /home/dss/dss/dss_ros2_bridge/install/dss_ros2_bridge/share/dss_ros2_bridge/cmake/rosidl_cmake-extras.cmake
[6.642s] -- Up-to-date symlink: /home/dss/dss/dss_ros2_bridge/install/dss_ros2_bridge/share/dss_ros2_bridge/cmake/ament_cmake_export_include_directories-extras.cmake
[6.642s] -- Up-to-date symlink: /home/dss/dss/dss_ros2_bridge/install/dss_ros2_bridge/share/dss_ros2_bridge/cmake/ament_cmake_export_libraries-extras.cmake
[6.642s] -- Up-to-date symlink: /home/dss/dss/dss_ros2_bridge/install/dss_ros2_bridge/share/dss_ros2_bridge/cmake/ament_cmake_export_targets-extras.cmake
[6.642s] -- Up-to-date symlink: /home/dss/dss/dss_ros2_bridge/install/dss_ros2_bridge/share/dss_ros2_bridge/cmake/rosidl_cmake_export_typesupport_targets-extras.cmake
[6.643s] -- Up-to-date symlink: /home/dss/dss/dss_ros2_bridge/install/dss_ros2_bridge/share/dss_ros2_bridge/cmake/ament_cmake_export_dependencies-extras.cmake
[6.643s] -- Up-to-date symlink: /home/dss/dss/dss_ros2_bridge/install/dss_ros2_bridge/share/dss_ros2_bridge/cmake/rosidl_cmake_export_typesupport_libraries-extras.cmake
[6.643s] -- Up-to-date symlink: /home/dss/dss/dss_ros2_bridge/install/dss_ros2_bridge/share/dss_ros2_bridge/cmake/dss_ros2_bridgeConfig.cmake
[6.643s] -- Up-to-date symlink: /home/dss/dss/dss_ros2_bridge/install/dss_ros2_bridge/share/dss_ros2_bridge/cmake/dss_ros2_bridgeConfig-version.cmake
[6.644s] -- Up-to-date symlink: /home/dss/dss/dss_ros2_bridge/install/dss_ros2_bridge/share/dss_ros2_bridge/package.xml
[6.644s] -- Up-to-date: /home/dss/dss/dss_ros2_bridge/install/dss_ros2_bridge/lib/libdss_ros2_bridge__rosidl_generator_c.so
[6.645s] -- Up-to-date: /home/dss/dss/dss_ros2_bridge/install/dss_ros2_bridge/lib/libdss_ros2_bridge__rosidl_typesupport_fastrtps_c.so
[6.645s] -- Up-to-date: /home/dss/dss/dss_ros2_bridge/install/dss_ros2_bridge/lib/libdss_ros2_bridge__rosidl_typesupport_fastrtps_cpp.so
[6.646s] -- Up-to-date: /home/dss/dss/dss_ros2_bridge/install/dss_ros2_bridge/lib/libdss_ros2_bridge__rosidl_typesupport_introspection_c.so
[6.646s] -- Up-to-date: /home/dss/dss/dss_ros2_bridge/install/dss_ros2_bridge/lib/libdss_ros2_bridge__rosidl_typesupport_c.so
[6.646s] -- Up-to-date: /home/dss/dss/dss_ros2_bridge/install/dss_ros2_bridge/lib/libdss_ros2_bridge__rosidl_typesupport_introspection_cpp.so
[6.647s] -- Up-to-date: /home/dss/dss/dss_ros2_bridge/install/dss_ros2_bridge/lib/libdss_ros2_bridge__rosidl_typesupport_cpp.so
[6.669s] Listing '/home/dss/dss/dss_ros2_bridge/install/dss_ros2_bridge/local/lib/python3.10/dist-packages/dss_ros2_bridge'...
[6.669s] Listing '/home/dss/dss/dss_ros2_bridge/install/dss_ros2_bridge/local/lib/python3.10/dist-packages/dss_ros2_bridge/msg'...
[6.674s] -- Up-to-date: /home/dss/dss/dss_ros2_bridge/install/dss_ros2_bridge/lib/libdss_ros2_bridge__rosidl_generator_py.so
[6.675s] -- Up-to-date: /home/dss/dss/dss_ros2_bridge/install/dss_ros2_bridge/share/dss_ros2_bridge/cmake/export_dss_ros2_bridge__rosidl_generator_cExport.cmake
[6.675s] -- Up-to-date: /home/dss/dss/dss_ros2_bridge/install/dss_ros2_bridge/share/dss_ros2_bridge/cmake/export_dss_ros2_bridge__rosidl_generator_cExport-noconfig.cmake
[6.675s] -- Up-to-date: /home/dss/dss/dss_ros2_bridge/install/dss_ros2_bridge/share/dss_ros2_bridge/cmake/export_dss_ros2_bridge__rosidl_typesupport_fastrtps_cExport.cmake
[6.675s] -- Up-to-date: /home/dss/dss/dss_ros2_bridge/install/dss_ros2_bridge/share/dss_ros2_bridge/cmake/export_dss_ros2_bridge__rosidl_typesupport_fastrtps_cExport-noconfig.cmake
[6.676s] -- Up-to-date: /home/dss/dss/dss_ros2_bridge/install/dss_ros2_bridge/share/dss_ros2_bridge/cmake/export_dss_ros2_bridge__rosidl_generator_cppExport.cmake
[6.676s] -- Up-to-date: /home/dss/dss/dss_ros2_bridge/install/dss_ros2_bridge/share/dss_ros2_bridge/cmake/export_dss_ros2_bridge__rosidl_typesupport_fastrtps_cppExport.cmake
[6.676s] -- Up-to-date: /home/dss/dss/dss_ros2_bridge/install/dss_ros2_bridge/share/dss_ros2_bridge/cmake/export_dss_ros2_bridge__rosidl_typesupport_fastrtps_cppExport-noconfig.cmake
[6.677s] -- Up-to-date: /home/dss/dss/dss_ros2_bridge/install/dss_ros2_bridge/share/dss_ros2_bridge/cmake/dss_ros2_bridge__rosidl_typesupport_introspection_cExport.cmake
[6.677s] -- Up-to-date: /home/dss/dss/dss_ros2_bridge/install/dss_ros2_bridge/share/dss_ros2_bridge/cmake/dss_ros2_bridge__rosidl_typesupport_introspection_cExport-noconfig.cmake
[6.677s] -- Up-to-date: /home/dss/dss/dss_ros2_bridge/install/dss_ros2_bridge/share/dss_ros2_bridge/cmake/dss_ros2_bridge__rosidl_typesupport_cExport.cmake
[6.677s] -- Up-to-date: /home/dss/dss/dss_ros2_bridge/install/dss_ros2_bridge/share/dss_ros2_bridge/cmake/dss_ros2_bridge__rosidl_typesupport_cExport-noconfig.cmake
[6.677s] -- Up-to-date: /home/dss/dss/dss_ros2_bridge/install/dss_ros2_bridge/share/dss_ros2_bridge/cmake/dss_ros2_bridge__rosidl_typesupport_introspection_cppExport.cmake
[6.677s] -- Up-to-date: /home/dss/dss/dss_ros2_bridge/install/dss_ros2_bridge/share/dss_ros2_bridge/cmake/dss_ros2_bridge__rosidl_typesupport_introspection_cppExport-noconfig.cmake
[6.678s] -- Up-to-date: /home/dss/dss/dss_ros2_bridge/install/dss_ros2_bridge/share/dss_ros2_bridge/cmake/dss_ros2_bridge__rosidl_typesupport_cppExport.cmake
[6.678s] -- Up-to-date: /home/dss/dss/dss_ros2_bridge/install/dss_ros2_bridge/share/dss_ros2_bridge/cmake/dss_ros2_bridge__rosidl_typesupport_cppExport-noconfig.cmake
[6.678s] -- Up-to-date: /home/dss/dss/dss_ros2_bridge/install/dss_ros2_bridge/share/dss_ros2_bridge/cmake/export_dss_ros2_bridge__rosidl_generator_pyExport.cmake
[6.678s] -- Up-to-date: /home/dss/dss/dss_ros2_bridge/install/dss_ros2_bridge/share/dss_ros2_bridge/cmake/export_dss_ros2_bridge__rosidl_generator_pyExport-noconfig.cmake
[6.682s] Invoked command in '/home/dss/dss/dss_ros2_bridge/build/dss_ros2_bridge' returned '0': CMAKE_PREFIX_PATH=${CMAKE_PREFIX_PATH}:/opt/ros/humble /usr/bin/cmake --install /home/dss/dss/dss_ros2_bridge/build/dss_ros2_bridge
