[  4%] Built target dss_ros2_bridge__cpp
[  9%] Built target dss_ros2_bridge__rosidl_generator_c
[  9%] Built target ament_cmake_python_symlink_dss_ros2_bridge
[ 15%] Built target dss_ros2_bridge__rosidl_typesupport_c
[ 29%] Built target dss_ros2_bridge__rosidl_typesupport_fastrtps_cpp
[ 29%] Built target dss_ros2_bridge__rosidl_typesupport_fastrtps_c
[ 43%] Built target dss_ros2_bridge__rosidl_typesupport_introspection_cpp
[ 40%] Built target dss_ros2_bridge__rosidl_typesupport_introspection_c
[ 50%] Built target dss_ros2_bridge__rosidl_typesupport_cpp
[35m[1mConsolidate compiler generated dependencies of target DSSToROSImageNode[0m
[ 50%] Built target dss_ros2_bridge
[ 56%] Built target DSSToROSIMUNode
[ 63%] Built target DSSToROSPointCloudNode
[ 72%] Built target DSSDemoNode
[ 75%] [32mBuilding CXX object CMakeFiles/DSSToROSImageNode.dir/src/DSSToROSImage.cpp.o[0m
[ 77%] Built target dss_ros2_bridge__py
[ 81%] Built target dss_ros2_bridge__rosidl_generator_py
[ 95%] Built target dss_ros2_bridge__rosidl_typesupport_c__pyext
[ 95%] Built target dss_ros2_bridge__rosidl_typesupport_introspection_c__pyext
[ 95%] Built target dss_ros2_bridge__rosidl_typesupport_fastrtps_c__pyext
running egg_info
writing dss_ros2_bridge.egg-info/PKG-INFO
writing dependency_links to dss_ros2_bridge.egg-info/dependency_links.txt
writing top-level names to dss_ros2_bridge.egg-info/top_level.txt
reading manifest file 'dss_ros2_bridge.egg-info/SOURCES.txt'
writing manifest file 'dss_ros2_bridge.egg-info/SOURCES.txt'
[ 95%] Built target ament_cmake_python_build_dss_ros2_bridge_egg
