[0.010s] Invoking command in '/home/dss/dss/dss_ros2_bridge/build/dss_ros2_bridge': CMAKE_PREFIX_PATH=${CMAKE_PREFIX_PATH}:/opt/ros/humble /usr/bin/cmake --build /home/dss/dss/dss_ros2_bridge/build/dss_ros2_bridge -- -j32 -l32
[0.056s] [  4%] Built target dss_ros2_bridge__cpp
[0.056s] [  9%] Built target dss_ros2_bridge__rosidl_generator_c
[0.063s] [  9%] Built target ament_cmake_python_symlink_dss_ros2_bridge
[0.072s] [ 15%] Built target dss_ros2_bridge__rosidl_typesupport_c
[0.073s] [ 22%] Built target dss_ros2_bridge__rosidl_typesupport_cpp
[0.073s] [ 29%] Built target dss_ros2_bridge__rosidl_typesupport_fastrtps_c
[0.073s] [ 36%] Built target dss_ros2_bridge__rosidl_typesupport_introspection_c
[0.073s] [ 43%] Built target dss_ros2_bridge__rosidl_typesupport_fastrtps_cpp
[0.075s] [ 50%] Built target dss_ros2_bridge__rosidl_typesupport_introspection_cpp
[0.084s] [35m[1mConsolidate compiler generated dependencies of target DSSToROSPointCloudNode[0m
[0.094s] [ 50%] Built target dss_ros2_bridge
[0.096s] [ 61%] [32mBuilding CXX object CMakeFiles/DSSToROSIMUNode.dir/src/DSSToROSIMU.cpp.o[0m
[0.096s] [ 63%] Built target DSSToROSImageNode
[0.096s] [ 68%] Built target DSSDemoNode
[0.103s] [ 75%] Built target DSSToROSPointCloudNode
[0.112s] [ 77%] Built target dss_ros2_bridge__py
[0.133s] [ 81%] Built target dss_ros2_bridge__rosidl_generator_py
[0.152s] [ 95%] Built target dss_ros2_bridge__rosidl_typesupport_fastrtps_c__pyext
[0.153s] [ 95%] Built target dss_ros2_bridge__rosidl_typesupport_introspection_c__pyext
[0.153s] [ 95%] Built target dss_ros2_bridge__rosidl_typesupport_c__pyext
[0.196s] running egg_info
[0.196s] writing dss_ros2_bridge.egg-info/PKG-INFO
[0.197s] writing dependency_links to dss_ros2_bridge.egg-info/dependency_links.txt
[0.197s] writing top-level names to dss_ros2_bridge.egg-info/top_level.txt
[0.198s] reading manifest file 'dss_ros2_bridge.egg-info/SOURCES.txt'
[0.198s] writing manifest file 'dss_ros2_bridge.egg-info/SOURCES.txt'
[0.220s] [ 95%] Built target ament_cmake_python_build_dss_ros2_bridge_egg
[5.575s] [ 97%] [32m[1mLinking CXX executable DSSToROSIMUNode[0m
[5.916s] [100%] Built target DSSToROSIMUNode
[5.927s] Invoked command in '/home/dss/dss/dss_ros2_bridge/build/dss_ros2_bridge' returned '0': CMAKE_PREFIX_PATH=${CMAKE_PREFIX_PATH}:/opt/ros/humble /usr/bin/cmake --build /home/dss/dss/dss_ros2_bridge/build/dss_ros2_bridge -- -j32 -l32
[5.937s] Invoking command in '/home/dss/dss/dss_ros2_bridge/build/dss_ros2_bridge': CMAKE_PREFIX_PATH=${CMAKE_PREFIX_PATH}:/opt/ros/humble /usr/bin/cmake --install /home/dss/dss/dss_ros2_bridge/build/dss_ros2_bridge
[5.943s] -- Install configuration: ""
[5.943s] -- Execute custom install script
[5.944s] -- Up-to-date symlink: /home/dss/dss/dss_ros2_bridge/install/dss_ros2_bridge/share/ament_index/resource_index/rosidl_interfaces/dss_ros2_bridge
[5.944s] -- Up-to-date symlink: /home/dss/dss/dss_ros2_bridge/install/dss_ros2_bridge/include/dss_ros2_bridge/dss_ros2_bridge/msg/detail/dss_control__functions.h
[5.944s] -- Up-to-date symlink: /home/dss/dss/dss_ros2_bridge/install/dss_ros2_bridge/include/dss_ros2_bridge/dss_ros2_bridge/msg/detail/dss_control__struct.h
[5.944s] -- Up-to-date symlink: /home/dss/dss/dss_ros2_bridge/install/dss_ros2_bridge/include/dss_ros2_bridge/dss_ros2_bridge/msg/detail/dss_control__type_support.h
[5.944s] -- Up-to-date symlink: /home/dss/dss/dss_ros2_bridge/install/dss_ros2_bridge/include/dss_ros2_bridge/dss_ros2_bridge/msg/dss_control.h
[5.944s] -- Up-to-date symlink: /home/dss/dss/dss_ros2_bridge/install/dss_ros2_bridge/include/dss_ros2_bridge/dss_ros2_bridge/msg/rosidl_generator_c__visibility_control.h
[5.944s] -- Up-to-date symlink: /home/dss/dss/dss_ros2_bridge/install/dss_ros2_bridge/share/dss_ros2_bridge/environment/library_path.sh
[5.945s] -- Up-to-date symlink: /home/dss/dss/dss_ros2_bridge/install/dss_ros2_bridge/share/dss_ros2_bridge/environment/library_path.dsv
[5.945s] -- Up-to-date symlink: /home/dss/dss/dss_ros2_bridge/install/dss_ros2_bridge/include/dss_ros2_bridge/dss_ros2_bridge/msg/detail/dss_control__rosidl_typesupport_fastrtps_c.h
[5.945s] -- Up-to-date symlink: /home/dss/dss/dss_ros2_bridge/install/dss_ros2_bridge/include/dss_ros2_bridge/dss_ros2_bridge/msg/rosidl_typesupport_fastrtps_c__visibility_control.h
[5.945s] -- Up-to-date symlink: /home/dss/dss/dss_ros2_bridge/install/dss_ros2_bridge/include/dss_ros2_bridge/dss_ros2_bridge/msg/detail/dss_control__builder.hpp
[5.945s] -- Up-to-date symlink: /home/dss/dss/dss_ros2_bridge/install/dss_ros2_bridge/include/dss_ros2_bridge/dss_ros2_bridge/msg/detail/dss_control__struct.hpp
[5.945s] -- Up-to-date symlink: /home/dss/dss/dss_ros2_bridge/install/dss_ros2_bridge/include/dss_ros2_bridge/dss_ros2_bridge/msg/detail/dss_control__traits.hpp
[5.945s] -- Up-to-date symlink: /home/dss/dss/dss_ros2_bridge/install/dss_ros2_bridge/include/dss_ros2_bridge/dss_ros2_bridge/msg/detail/dss_control__type_support.hpp
[5.946s] -- Up-to-date symlink: /home/dss/dss/dss_ros2_bridge/install/dss_ros2_bridge/include/dss_ros2_bridge/dss_ros2_bridge/msg/dss_control.hpp
[5.946s] -- Up-to-date symlink: /home/dss/dss/dss_ros2_bridge/install/dss_ros2_bridge/include/dss_ros2_bridge/dss_ros2_bridge/msg/rosidl_generator_cpp__visibility_control.hpp
[5.946s] -- Up-to-date symlink: /home/dss/dss/dss_ros2_bridge/install/dss_ros2_bridge/include/dss_ros2_bridge/dss_ros2_bridge/msg/detail/dss_control__rosidl_typesupport_fastrtps_cpp.hpp
[5.946s] -- Up-to-date symlink: /home/dss/dss/dss_ros2_bridge/install/dss_ros2_bridge/include/dss_ros2_bridge/dss_ros2_bridge/msg/rosidl_typesupport_fastrtps_cpp__visibility_control.h
[5.946s] -- Up-to-date symlink: /home/dss/dss/dss_ros2_bridge/install/dss_ros2_bridge/include/dss_ros2_bridge/dss_ros2_bridge/msg/detail/dss_control__rosidl_typesupport_introspection_c.h
[5.946s] -- Up-to-date symlink: /home/dss/dss/dss_ros2_bridge/install/dss_ros2_bridge/include/dss_ros2_bridge/dss_ros2_bridge/msg/rosidl_typesupport_introspection_c__visibility_control.h
[5.947s] -- Up-to-date symlink: /home/dss/dss/dss_ros2_bridge/install/dss_ros2_bridge/include/dss_ros2_bridge/dss_ros2_bridge/msg/detail/dss_control__rosidl_typesupport_introspection_cpp.hpp
[5.947s] -- Up-to-date symlink: /home/dss/dss/dss_ros2_bridge/install/dss_ros2_bridge/share/dss_ros2_bridge/environment/pythonpath.sh
[5.947s] -- Up-to-date symlink: /home/dss/dss/dss_ros2_bridge/install/dss_ros2_bridge/share/dss_ros2_bridge/environment/pythonpath.dsv
[5.947s] -- Up-to-date symlink: /home/dss/dss/dss_ros2_bridge/install/dss_ros2_bridge/local/lib/python3.10/dist-packages/dss_ros2_bridge-1.0.0-py3.10.egg-info/PKG-INFO
[5.947s] -- Up-to-date symlink: /home/dss/dss/dss_ros2_bridge/install/dss_ros2_bridge/local/lib/python3.10/dist-packages/dss_ros2_bridge-1.0.0-py3.10.egg-info/SOURCES.txt
[5.947s] -- Up-to-date symlink: /home/dss/dss/dss_ros2_bridge/install/dss_ros2_bridge/local/lib/python3.10/dist-packages/dss_ros2_bridge-1.0.0-py3.10.egg-info/dependency_links.txt
[5.947s] -- Up-to-date symlink: /home/dss/dss/dss_ros2_bridge/install/dss_ros2_bridge/local/lib/python3.10/dist-packages/dss_ros2_bridge-1.0.0-py3.10.egg-info/top_level.txt
[5.948s] -- Up-to-date symlink: /home/dss/dss/dss_ros2_bridge/install/dss_ros2_bridge/local/lib/python3.10/dist-packages/dss_ros2_bridge/__init__.py
[5.948s] -- Up-to-date symlink: /home/dss/dss/dss_ros2_bridge/install/dss_ros2_bridge/local/lib/python3.10/dist-packages/dss_ros2_bridge/_dss_ros2_bridge_s.ep.rosidl_typesupport_c.c
[5.948s] -- Up-to-date symlink: /home/dss/dss/dss_ros2_bridge/install/dss_ros2_bridge/local/lib/python3.10/dist-packages/dss_ros2_bridge/_dss_ros2_bridge_s.ep.rosidl_typesupport_fastrtps_c.c
[5.948s] -- Up-to-date symlink: /home/dss/dss/dss_ros2_bridge/install/dss_ros2_bridge/local/lib/python3.10/dist-packages/dss_ros2_bridge/_dss_ros2_bridge_s.ep.rosidl_typesupport_introspection_c.c
[5.948s] -- Up-to-date symlink: /home/dss/dss/dss_ros2_bridge/install/dss_ros2_bridge/local/lib/python3.10/dist-packages/dss_ros2_bridge/dss_ros2_bridge_s__rosidl_typesupport_c.cpython-310-x86_64-linux-gnu.so
[5.948s] -- Up-to-date symlink: /home/dss/dss/dss_ros2_bridge/install/dss_ros2_bridge/local/lib/python3.10/dist-packages/dss_ros2_bridge/dss_ros2_bridge_s__rosidl_typesupport_fastrtps_c.cpython-310-x86_64-linux-gnu.so
[5.948s] -- Up-to-date symlink: /home/dss/dss/dss_ros2_bridge/install/dss_ros2_bridge/local/lib/python3.10/dist-packages/dss_ros2_bridge/dss_ros2_bridge_s__rosidl_typesupport_introspection_c.cpython-310-x86_64-linux-gnu.so
[5.948s] -- Up-to-date symlink: /home/dss/dss/dss_ros2_bridge/install/dss_ros2_bridge/local/lib/python3.10/dist-packages/dss_ros2_bridge/libdss_ros2_bridge__rosidl_generator_py.so
[5.948s] -- Up-to-date symlink: /home/dss/dss/dss_ros2_bridge/install/dss_ros2_bridge/local/lib/python3.10/dist-packages/dss_ros2_bridge/msg/__init__.py
[5.949s] -- Up-to-date symlink: /home/dss/dss/dss_ros2_bridge/install/dss_ros2_bridge/local/lib/python3.10/dist-packages/dss_ros2_bridge/msg/_dss_control.py
[5.949s] -- Up-to-date symlink: /home/dss/dss/dss_ros2_bridge/install/dss_ros2_bridge/local/lib/python3.10/dist-packages/dss_ros2_bridge/msg/_dss_control_s.c
[5.949s] -- Up-to-date symlink: /home/dss/dss/dss_ros2_bridge/install/dss_ros2_bridge/local/lib/python3.10/dist-packages/dss_ros2_bridge/dss_ros2_bridge_s__rosidl_typesupport_fastrtps_c.cpython-310-x86_64-linux-gnu.so
[5.949s] -- Up-to-date symlink: /home/dss/dss/dss_ros2_bridge/install/dss_ros2_bridge/local/lib/python3.10/dist-packages/dss_ros2_bridge/dss_ros2_bridge_s__rosidl_typesupport_introspection_c.cpython-310-x86_64-linux-gnu.so
[5.949s] -- Up-to-date symlink: /home/dss/dss/dss_ros2_bridge/install/dss_ros2_bridge/local/lib/python3.10/dist-packages/dss_ros2_bridge/dss_ros2_bridge_s__rosidl_typesupport_c.cpython-310-x86_64-linux-gnu.so
[5.949s] -- Up-to-date symlink: /home/dss/dss/dss_ros2_bridge/install/dss_ros2_bridge/share/dss_ros2_bridge/msg/DssControl.idl
[5.949s] -- Up-to-date symlink: /home/dss/dss/dss_ros2_bridge/install/dss_ros2_bridge/share/dss_ros2_bridge/msg/DssControl.msg
[5.950s] -- Up-to-date symlink: /home/dss/dss/dss_ros2_bridge/install/dss_ros2_bridge/lib/dss_ros2_bridge/DSSToROSImageNode
[5.950s] -- Up-to-date symlink: /home/dss/dss/dss_ros2_bridge/install/dss_ros2_bridge/lib/dss_ros2_bridge/DSSToROSPointCloudNode
[5.950s] -- Up-to-date symlink: /home/dss/dss/dss_ros2_bridge/install/dss_ros2_bridge/lib/dss_ros2_bridge/DSSToROSIMUNode
[5.950s] -- Up-to-date symlink: /home/dss/dss/dss_ros2_bridge/install/dss_ros2_bridge/lib/dss_ros2_bridge/DSSDemoNode
[5.950s] -- Up-to-date symlink: /home/dss/dss/dss_ros2_bridge/install/dss_ros2_bridge/lib/dss_ros2_bridge/libdss_ros2_bridge__rosidl_typesupport_cpp.so
[5.950s] -- Up-to-date symlink: /home/dss/dss/dss_ros2_bridge/install/dss_ros2_bridge/share/dss_ros2_bridge/msg/DssControl.msg
[5.950s] -- Up-to-date symlink: /home/dss/dss/dss_ros2_bridge/install/dss_ros2_bridge/share/dss_ros2_bridge/launch/launch.py
[5.950s] -- Up-to-date symlink: /home/dss/dss/dss_ros2_bridge/install/dss_ros2_bridge/share/ament_index/resource_index/package_run_dependencies/dss_ros2_bridge
[5.950s] -- Up-to-date symlink: /home/dss/dss/dss_ros2_bridge/install/dss_ros2_bridge/share/ament_index/resource_index/parent_prefix_path/dss_ros2_bridge
[5.951s] -- Up-to-date symlink: /home/dss/dss/dss_ros2_bridge/install/dss_ros2_bridge/share/dss_ros2_bridge/environment/ament_prefix_path.sh
[5.951s] -- Up-to-date symlink: /home/dss/dss/dss_ros2_bridge/install/dss_ros2_bridge/share/dss_ros2_bridge/environment/ament_prefix_path.dsv
[5.951s] -- Up-to-date symlink: /home/dss/dss/dss_ros2_bridge/install/dss_ros2_bridge/share/dss_ros2_bridge/environment/path.sh
[5.951s] -- Up-to-date symlink: /home/dss/dss/dss_ros2_bridge/install/dss_ros2_bridge/share/dss_ros2_bridge/environment/path.dsv
[5.951s] -- Up-to-date symlink: /home/dss/dss/dss_ros2_bridge/install/dss_ros2_bridge/share/dss_ros2_bridge/local_setup.bash
[5.951s] -- Up-to-date symlink: /home/dss/dss/dss_ros2_bridge/install/dss_ros2_bridge/share/dss_ros2_bridge/local_setup.sh
[5.951s] -- Up-to-date symlink: /home/dss/dss/dss_ros2_bridge/install/dss_ros2_bridge/share/dss_ros2_bridge/local_setup.zsh
[5.951s] -- Up-to-date symlink: /home/dss/dss/dss_ros2_bridge/install/dss_ros2_bridge/share/dss_ros2_bridge/local_setup.dsv
[5.951s] -- Symlinking: /home/dss/dss/dss_ros2_bridge/install/dss_ros2_bridge/share/dss_ros2_bridge/package.dsv
[5.960s] -- Up-to-date symlink: /home/dss/dss/dss_ros2_bridge/install/dss_ros2_bridge/share/ament_index/resource_index/packages/dss_ros2_bridge
[5.960s] -- Up-to-date symlink: /home/dss/dss/dss_ros2_bridge/install/dss_ros2_bridge/share/dss_ros2_bridge/cmake/rosidl_cmake-extras.cmake
[5.960s] -- Up-to-date symlink: /home/dss/dss/dss_ros2_bridge/install/dss_ros2_bridge/share/dss_ros2_bridge/cmake/ament_cmake_export_include_directories-extras.cmake
[5.960s] -- Up-to-date symlink: /home/dss/dss/dss_ros2_bridge/install/dss_ros2_bridge/share/dss_ros2_bridge/cmake/ament_cmake_export_libraries-extras.cmake
[5.960s] -- Up-to-date symlink: /home/dss/dss/dss_ros2_bridge/install/dss_ros2_bridge/share/dss_ros2_bridge/cmake/ament_cmake_export_targets-extras.cmake
[5.961s] -- Up-to-date symlink: /home/dss/dss/dss_ros2_bridge/install/dss_ros2_bridge/share/dss_ros2_bridge/cmake/rosidl_cmake_export_typesupport_targets-extras.cmake
[5.961s] -- Up-to-date symlink: /home/dss/dss/dss_ros2_bridge/install/dss_ros2_bridge/share/dss_ros2_bridge/cmake/ament_cmake_export_dependencies-extras.cmake
[5.961s] -- Up-to-date symlink: /home/dss/dss/dss_ros2_bridge/install/dss_ros2_bridge/share/dss_ros2_bridge/cmake/rosidl_cmake_export_typesupport_libraries-extras.cmake
[5.961s] -- Up-to-date symlink: /home/dss/dss/dss_ros2_bridge/install/dss_ros2_bridge/share/dss_ros2_bridge/cmake/dss_ros2_bridgeConfig.cmake
[5.961s] -- Up-to-date symlink: /home/dss/dss/dss_ros2_bridge/install/dss_ros2_bridge/share/dss_ros2_bridge/cmake/dss_ros2_bridgeConfig-version.cmake
[5.961s] -- Up-to-date symlink: /home/dss/dss/dss_ros2_bridge/install/dss_ros2_bridge/share/dss_ros2_bridge/package.xml
[5.961s] -- Up-to-date: /home/dss/dss/dss_ros2_bridge/install/dss_ros2_bridge/lib/libdss_ros2_bridge__rosidl_generator_c.so
[5.961s] -- Up-to-date: /home/dss/dss/dss_ros2_bridge/install/dss_ros2_bridge/lib/libdss_ros2_bridge__rosidl_typesupport_fastrtps_c.so
[5.962s] -- Up-to-date: /home/dss/dss/dss_ros2_bridge/install/dss_ros2_bridge/lib/libdss_ros2_bridge__rosidl_typesupport_fastrtps_cpp.so
[5.962s] -- Up-to-date: /home/dss/dss/dss_ros2_bridge/install/dss_ros2_bridge/lib/libdss_ros2_bridge__rosidl_typesupport_introspection_c.so
[5.962s] -- Up-to-date: /home/dss/dss/dss_ros2_bridge/install/dss_ros2_bridge/lib/libdss_ros2_bridge__rosidl_typesupport_c.so
[5.962s] -- Up-to-date: /home/dss/dss/dss_ros2_bridge/install/dss_ros2_bridge/lib/libdss_ros2_bridge__rosidl_typesupport_introspection_cpp.so
[5.963s] -- Up-to-date: /home/dss/dss/dss_ros2_bridge/install/dss_ros2_bridge/lib/libdss_ros2_bridge__rosidl_typesupport_cpp.so
[5.983s] Listing '/home/dss/dss/dss_ros2_bridge/install/dss_ros2_bridge/local/lib/python3.10/dist-packages/dss_ros2_bridge'...
[5.983s] Listing '/home/dss/dss/dss_ros2_bridge/install/dss_ros2_bridge/local/lib/python3.10/dist-packages/dss_ros2_bridge/msg'...
[5.986s] -- Up-to-date: /home/dss/dss/dss_ros2_bridge/install/dss_ros2_bridge/lib/libdss_ros2_bridge__rosidl_generator_py.so
[5.986s] -- Up-to-date: /home/dss/dss/dss_ros2_bridge/install/dss_ros2_bridge/share/dss_ros2_bridge/cmake/export_dss_ros2_bridge__rosidl_generator_cExport.cmake
[5.987s] -- Up-to-date: /home/dss/dss/dss_ros2_bridge/install/dss_ros2_bridge/share/dss_ros2_bridge/cmake/export_dss_ros2_bridge__rosidl_generator_cExport-noconfig.cmake
[5.987s] -- Up-to-date: /home/dss/dss/dss_ros2_bridge/install/dss_ros2_bridge/share/dss_ros2_bridge/cmake/export_dss_ros2_bridge__rosidl_typesupport_fastrtps_cExport.cmake
[5.987s] -- Up-to-date: /home/dss/dss/dss_ros2_bridge/install/dss_ros2_bridge/share/dss_ros2_bridge/cmake/export_dss_ros2_bridge__rosidl_typesupport_fastrtps_cExport-noconfig.cmake
[5.987s] -- Up-to-date: /home/dss/dss/dss_ros2_bridge/install/dss_ros2_bridge/share/dss_ros2_bridge/cmake/export_dss_ros2_bridge__rosidl_generator_cppExport.cmake
[5.987s] -- Up-to-date: /home/dss/dss/dss_ros2_bridge/install/dss_ros2_bridge/share/dss_ros2_bridge/cmake/export_dss_ros2_bridge__rosidl_typesupport_fastrtps_cppExport.cmake
[5.988s] -- Up-to-date: /home/dss/dss/dss_ros2_bridge/install/dss_ros2_bridge/share/dss_ros2_bridge/cmake/export_dss_ros2_bridge__rosidl_typesupport_fastrtps_cppExport-noconfig.cmake
[5.988s] -- Up-to-date: /home/dss/dss/dss_ros2_bridge/install/dss_ros2_bridge/share/dss_ros2_bridge/cmake/dss_ros2_bridge__rosidl_typesupport_introspection_cExport.cmake
[5.988s] -- Up-to-date: /home/dss/dss/dss_ros2_bridge/install/dss_ros2_bridge/share/dss_ros2_bridge/cmake/dss_ros2_bridge__rosidl_typesupport_introspection_cExport-noconfig.cmake
[5.988s] -- Up-to-date: /home/dss/dss/dss_ros2_bridge/install/dss_ros2_bridge/share/dss_ros2_bridge/cmake/dss_ros2_bridge__rosidl_typesupport_cExport.cmake
[5.988s] -- Up-to-date: /home/dss/dss/dss_ros2_bridge/install/dss_ros2_bridge/share/dss_ros2_bridge/cmake/dss_ros2_bridge__rosidl_typesupport_cExport-noconfig.cmake
[5.988s] -- Up-to-date: /home/dss/dss/dss_ros2_bridge/install/dss_ros2_bridge/share/dss_ros2_bridge/cmake/dss_ros2_bridge__rosidl_typesupport_introspection_cppExport.cmake
[5.988s] -- Up-to-date: /home/dss/dss/dss_ros2_bridge/install/dss_ros2_bridge/share/dss_ros2_bridge/cmake/dss_ros2_bridge__rosidl_typesupport_introspection_cppExport-noconfig.cmake
[5.988s] -- Up-to-date: /home/dss/dss/dss_ros2_bridge/install/dss_ros2_bridge/share/dss_ros2_bridge/cmake/dss_ros2_bridge__rosidl_typesupport_cppExport.cmake
[5.988s] -- Up-to-date: /home/dss/dss/dss_ros2_bridge/install/dss_ros2_bridge/share/dss_ros2_bridge/cmake/dss_ros2_bridge__rosidl_typesupport_cppExport-noconfig.cmake
[5.988s] -- Up-to-date: /home/dss/dss/dss_ros2_bridge/install/dss_ros2_bridge/share/dss_ros2_bridge/cmake/export_dss_ros2_bridge__rosidl_generator_pyExport.cmake
[5.988s] -- Up-to-date: /home/dss/dss/dss_ros2_bridge/install/dss_ros2_bridge/share/dss_ros2_bridge/cmake/export_dss_ros2_bridge__rosidl_generator_pyExport-noconfig.cmake
[5.990s] Invoked command in '/home/dss/dss/dss_ros2_bridge/build/dss_ros2_bridge' returned '0': CMAKE_PREFIX_PATH=${CMAKE_PREFIX_PATH}:/opt/ros/humble /usr/bin/cmake --install /home/dss/dss/dss_ros2_bridge/build/dss_ros2_bridge
