[0.010s] Invoking command in '/home/dss/dss/dss_ros2_bridge/build/dss_ros2_bridge': CMAKE_PREFIX_PATH=${CMAKE_PREFIX_PATH}:/opt/ros/humble /usr/bin/cmake --build /home/dss/dss/dss_ros2_bridge/build/dss_ros2_bridge -- -j32 -l32
[0.058s] [  6%] Built target dss_ros2_bridge__rosidl_generator_c
[0.059s] [  9%] Built target dss_ros2_bridge__cpp
[0.067s] [  9%] Built target ament_cmake_python_symlink_dss_ros2_bridge
[0.077s] [ 22%] Built target dss_ros2_bridge__rosidl_typesupport_introspection_c
[0.077s] [ 22%] Built target dss_ros2_bridge__rosidl_typesupport_c
[0.077s] [ 29%] Built target dss_ros2_bridge__rosidl_typesupport_fastrtps_c
[0.078s] [ 36%] Built target dss_ros2_bridge__rosidl_typesupport_introspection_cpp
[0.088s] [ 47%] Built target dss_ros2_bridge__rosidl_typesupport_fastrtps_cpp
[0.088s] [ 50%] Built target dss_ros2_bridge__rosidl_typesupport_cpp
[0.100s] [35m[1mConsolidate compiler generated dependencies of target DSSToROSImageNode[0m
[0.109s] [ 50%] Built target dss_ros2_bridge
[0.113s] [ 72%] Built target DSSToROSPointCloudNode
[0.113s] [ 72%] Built target DSSToROSIMUNode
[0.113s] [ 72%] Built target DSSDemoNode
[0.120s] [ 75%] [32mBuilding CXX object CMakeFiles/DSSToROSImageNode.dir/src/DSSToROSImage.cpp.o[0m
[0.128s] [ 77%] Built target dss_ros2_bridge__py
[0.150s] [ 81%] Built target dss_ros2_bridge__rosidl_generator_py
[0.170s] [ 95%] Built target dss_ros2_bridge__rosidl_typesupport_introspection_c__pyext
[0.170s] [ 95%] Built target dss_ros2_bridge__rosidl_typesupport_c__pyext
[0.170s] [ 95%] Built target dss_ros2_bridge__rosidl_typesupport_fastrtps_c__pyext
[0.211s] running egg_info
[0.212s] writing dss_ros2_bridge.egg-info/PKG-INFO
[0.212s] writing dependency_links to dss_ros2_bridge.egg-info/dependency_links.txt
[0.212s] writing top-level names to dss_ros2_bridge.egg-info/top_level.txt
[0.214s] reading manifest file 'dss_ros2_bridge.egg-info/SOURCES.txt'
[0.214s] writing manifest file 'dss_ros2_bridge.egg-info/SOURCES.txt'
[0.238s] [ 95%] Built target ament_cmake_python_build_dss_ros2_bridge_egg
[5.734s] [ 97%] [32m[1mLinking CXX executable DSSToROSImageNode[0m
[6.231s] [100%] Built target DSSToROSImageNode
[6.243s] Invoked command in '/home/dss/dss/dss_ros2_bridge/build/dss_ros2_bridge' returned '0': CMAKE_PREFIX_PATH=${CMAKE_PREFIX_PATH}:/opt/ros/humble /usr/bin/cmake --build /home/dss/dss/dss_ros2_bridge/build/dss_ros2_bridge -- -j32 -l32
[6.253s] Invoking command in '/home/dss/dss/dss_ros2_bridge/build/dss_ros2_bridge': CMAKE_PREFIX_PATH=${CMAKE_PREFIX_PATH}:/opt/ros/humble /usr/bin/cmake --install /home/dss/dss/dss_ros2_bridge/build/dss_ros2_bridge
[6.259s] -- Install configuration: ""
[6.259s] -- Execute custom install script
[6.260s] -- Up-to-date symlink: /home/dss/dss/dss_ros2_bridge/install/dss_ros2_bridge/share/ament_index/resource_index/rosidl_interfaces/dss_ros2_bridge
[6.260s] -- Up-to-date symlink: /home/dss/dss/dss_ros2_bridge/install/dss_ros2_bridge/include/dss_ros2_bridge/dss_ros2_bridge/msg/detail/dss_control__functions.h
[6.260s] -- Up-to-date symlink: /home/dss/dss/dss_ros2_bridge/install/dss_ros2_bridge/include/dss_ros2_bridge/dss_ros2_bridge/msg/detail/dss_control__struct.h
[6.260s] -- Up-to-date symlink: /home/dss/dss/dss_ros2_bridge/install/dss_ros2_bridge/include/dss_ros2_bridge/dss_ros2_bridge/msg/detail/dss_control__type_support.h
[6.260s] -- Up-to-date symlink: /home/dss/dss/dss_ros2_bridge/install/dss_ros2_bridge/include/dss_ros2_bridge/dss_ros2_bridge/msg/dss_control.h
[6.260s] -- Up-to-date symlink: /home/dss/dss/dss_ros2_bridge/install/dss_ros2_bridge/include/dss_ros2_bridge/dss_ros2_bridge/msg/rosidl_generator_c__visibility_control.h
[6.261s] -- Up-to-date symlink: /home/dss/dss/dss_ros2_bridge/install/dss_ros2_bridge/share/dss_ros2_bridge/environment/library_path.sh
[6.261s] -- Up-to-date symlink: /home/dss/dss/dss_ros2_bridge/install/dss_ros2_bridge/share/dss_ros2_bridge/environment/library_path.dsv
[6.261s] -- Up-to-date symlink: /home/dss/dss/dss_ros2_bridge/install/dss_ros2_bridge/include/dss_ros2_bridge/dss_ros2_bridge/msg/detail/dss_control__rosidl_typesupport_fastrtps_c.h
[6.261s] -- Up-to-date symlink: /home/dss/dss/dss_ros2_bridge/install/dss_ros2_bridge/include/dss_ros2_bridge/dss_ros2_bridge/msg/rosidl_typesupport_fastrtps_c__visibility_control.h
[6.261s] -- Up-to-date symlink: /home/dss/dss/dss_ros2_bridge/install/dss_ros2_bridge/include/dss_ros2_bridge/dss_ros2_bridge/msg/detail/dss_control__builder.hpp
[6.261s] -- Up-to-date symlink: /home/dss/dss/dss_ros2_bridge/install/dss_ros2_bridge/include/dss_ros2_bridge/dss_ros2_bridge/msg/detail/dss_control__struct.hpp
[6.262s] -- Up-to-date symlink: /home/dss/dss/dss_ros2_bridge/install/dss_ros2_bridge/include/dss_ros2_bridge/dss_ros2_bridge/msg/detail/dss_control__traits.hpp
[6.262s] -- Up-to-date symlink: /home/dss/dss/dss_ros2_bridge/install/dss_ros2_bridge/include/dss_ros2_bridge/dss_ros2_bridge/msg/detail/dss_control__type_support.hpp
[6.262s] -- Up-to-date symlink: /home/dss/dss/dss_ros2_bridge/install/dss_ros2_bridge/include/dss_ros2_bridge/dss_ros2_bridge/msg/dss_control.hpp
[6.262s] -- Up-to-date symlink: /home/dss/dss/dss_ros2_bridge/install/dss_ros2_bridge/include/dss_ros2_bridge/dss_ros2_bridge/msg/rosidl_generator_cpp__visibility_control.hpp
[6.262s] -- Up-to-date symlink: /home/dss/dss/dss_ros2_bridge/install/dss_ros2_bridge/include/dss_ros2_bridge/dss_ros2_bridge/msg/detail/dss_control__rosidl_typesupport_fastrtps_cpp.hpp
[6.262s] -- Up-to-date symlink: /home/dss/dss/dss_ros2_bridge/install/dss_ros2_bridge/include/dss_ros2_bridge/dss_ros2_bridge/msg/rosidl_typesupport_fastrtps_cpp__visibility_control.h
[6.262s] -- Up-to-date symlink: /home/dss/dss/dss_ros2_bridge/install/dss_ros2_bridge/include/dss_ros2_bridge/dss_ros2_bridge/msg/detail/dss_control__rosidl_typesupport_introspection_c.h
[6.262s] -- Up-to-date symlink: /home/dss/dss/dss_ros2_bridge/install/dss_ros2_bridge/include/dss_ros2_bridge/dss_ros2_bridge/msg/rosidl_typesupport_introspection_c__visibility_control.h
[6.263s] -- Up-to-date symlink: /home/dss/dss/dss_ros2_bridge/install/dss_ros2_bridge/include/dss_ros2_bridge/dss_ros2_bridge/msg/detail/dss_control__rosidl_typesupport_introspection_cpp.hpp
[6.263s] -- Up-to-date symlink: /home/dss/dss/dss_ros2_bridge/install/dss_ros2_bridge/share/dss_ros2_bridge/environment/pythonpath.sh
[6.263s] -- Up-to-date symlink: /home/dss/dss/dss_ros2_bridge/install/dss_ros2_bridge/share/dss_ros2_bridge/environment/pythonpath.dsv
[6.263s] -- Up-to-date symlink: /home/dss/dss/dss_ros2_bridge/install/dss_ros2_bridge/local/lib/python3.10/dist-packages/dss_ros2_bridge-1.0.0-py3.10.egg-info/PKG-INFO
[6.263s] -- Up-to-date symlink: /home/dss/dss/dss_ros2_bridge/install/dss_ros2_bridge/local/lib/python3.10/dist-packages/dss_ros2_bridge-1.0.0-py3.10.egg-info/SOURCES.txt
[6.263s] -- Up-to-date symlink: /home/dss/dss/dss_ros2_bridge/install/dss_ros2_bridge/local/lib/python3.10/dist-packages/dss_ros2_bridge-1.0.0-py3.10.egg-info/dependency_links.txt
[6.263s] -- Up-to-date symlink: /home/dss/dss/dss_ros2_bridge/install/dss_ros2_bridge/local/lib/python3.10/dist-packages/dss_ros2_bridge-1.0.0-py3.10.egg-info/top_level.txt
[6.264s] -- Up-to-date symlink: /home/dss/dss/dss_ros2_bridge/install/dss_ros2_bridge/local/lib/python3.10/dist-packages/dss_ros2_bridge/__init__.py
[6.264s] -- Up-to-date symlink: /home/dss/dss/dss_ros2_bridge/install/dss_ros2_bridge/local/lib/python3.10/dist-packages/dss_ros2_bridge/_dss_ros2_bridge_s.ep.rosidl_typesupport_c.c
[6.264s] -- Up-to-date symlink: /home/dss/dss/dss_ros2_bridge/install/dss_ros2_bridge/local/lib/python3.10/dist-packages/dss_ros2_bridge/_dss_ros2_bridge_s.ep.rosidl_typesupport_fastrtps_c.c
[6.264s] -- Up-to-date symlink: /home/dss/dss/dss_ros2_bridge/install/dss_ros2_bridge/local/lib/python3.10/dist-packages/dss_ros2_bridge/_dss_ros2_bridge_s.ep.rosidl_typesupport_introspection_c.c
[6.264s] -- Up-to-date symlink: /home/dss/dss/dss_ros2_bridge/install/dss_ros2_bridge/local/lib/python3.10/dist-packages/dss_ros2_bridge/dss_ros2_bridge_s__rosidl_typesupport_c.cpython-310-x86_64-linux-gnu.so
[6.264s] -- Up-to-date symlink: /home/dss/dss/dss_ros2_bridge/install/dss_ros2_bridge/local/lib/python3.10/dist-packages/dss_ros2_bridge/dss_ros2_bridge_s__rosidl_typesupport_fastrtps_c.cpython-310-x86_64-linux-gnu.so
[6.264s] -- Up-to-date symlink: /home/dss/dss/dss_ros2_bridge/install/dss_ros2_bridge/local/lib/python3.10/dist-packages/dss_ros2_bridge/dss_ros2_bridge_s__rosidl_typesupport_introspection_c.cpython-310-x86_64-linux-gnu.so
[6.264s] -- Up-to-date symlink: /home/dss/dss/dss_ros2_bridge/install/dss_ros2_bridge/local/lib/python3.10/dist-packages/dss_ros2_bridge/libdss_ros2_bridge__rosidl_generator_py.so
[6.264s] -- Up-to-date symlink: /home/dss/dss/dss_ros2_bridge/install/dss_ros2_bridge/local/lib/python3.10/dist-packages/dss_ros2_bridge/msg/__init__.py
[6.265s] -- Up-to-date symlink: /home/dss/dss/dss_ros2_bridge/install/dss_ros2_bridge/local/lib/python3.10/dist-packages/dss_ros2_bridge/msg/_dss_control.py
[6.265s] -- Up-to-date symlink: /home/dss/dss/dss_ros2_bridge/install/dss_ros2_bridge/local/lib/python3.10/dist-packages/dss_ros2_bridge/msg/_dss_control_s.c
[6.265s] -- Up-to-date symlink: /home/dss/dss/dss_ros2_bridge/install/dss_ros2_bridge/local/lib/python3.10/dist-packages/dss_ros2_bridge/dss_ros2_bridge_s__rosidl_typesupport_fastrtps_c.cpython-310-x86_64-linux-gnu.so
[6.265s] -- Up-to-date symlink: /home/dss/dss/dss_ros2_bridge/install/dss_ros2_bridge/local/lib/python3.10/dist-packages/dss_ros2_bridge/dss_ros2_bridge_s__rosidl_typesupport_introspection_c.cpython-310-x86_64-linux-gnu.so
[6.265s] -- Up-to-date symlink: /home/dss/dss/dss_ros2_bridge/install/dss_ros2_bridge/local/lib/python3.10/dist-packages/dss_ros2_bridge/dss_ros2_bridge_s__rosidl_typesupport_c.cpython-310-x86_64-linux-gnu.so
[6.265s] -- Up-to-date symlink: /home/dss/dss/dss_ros2_bridge/install/dss_ros2_bridge/share/dss_ros2_bridge/msg/DssControl.idl
[6.265s] -- Up-to-date symlink: /home/dss/dss/dss_ros2_bridge/install/dss_ros2_bridge/share/dss_ros2_bridge/msg/DssControl.msg
[6.266s] -- Up-to-date symlink: /home/dss/dss/dss_ros2_bridge/install/dss_ros2_bridge/lib/dss_ros2_bridge/DSSToROSImageNode
[6.266s] -- Up-to-date symlink: /home/dss/dss/dss_ros2_bridge/install/dss_ros2_bridge/lib/dss_ros2_bridge/DSSToROSPointCloudNode
[6.266s] -- Up-to-date symlink: /home/dss/dss/dss_ros2_bridge/install/dss_ros2_bridge/lib/dss_ros2_bridge/DSSToROSIMUNode
[6.266s] -- Up-to-date symlink: /home/dss/dss/dss_ros2_bridge/install/dss_ros2_bridge/lib/dss_ros2_bridge/DSSDemoNode
[6.266s] -- Up-to-date symlink: /home/dss/dss/dss_ros2_bridge/install/dss_ros2_bridge/lib/dss_ros2_bridge/libdss_ros2_bridge__rosidl_typesupport_cpp.so
[6.266s] -- Up-to-date symlink: /home/dss/dss/dss_ros2_bridge/install/dss_ros2_bridge/share/dss_ros2_bridge/msg/DssControl.msg
[6.266s] -- Up-to-date symlink: /home/dss/dss/dss_ros2_bridge/install/dss_ros2_bridge/share/dss_ros2_bridge/launch/launch.py
[6.266s] -- Up-to-date symlink: /home/dss/dss/dss_ros2_bridge/install/dss_ros2_bridge/share/ament_index/resource_index/package_run_dependencies/dss_ros2_bridge
[6.266s] -- Up-to-date symlink: /home/dss/dss/dss_ros2_bridge/install/dss_ros2_bridge/share/ament_index/resource_index/parent_prefix_path/dss_ros2_bridge
[6.267s] -- Up-to-date symlink: /home/dss/dss/dss_ros2_bridge/install/dss_ros2_bridge/share/dss_ros2_bridge/environment/ament_prefix_path.sh
[6.267s] -- Up-to-date symlink: /home/dss/dss/dss_ros2_bridge/install/dss_ros2_bridge/share/dss_ros2_bridge/environment/ament_prefix_path.dsv
[6.267s] -- Up-to-date symlink: /home/dss/dss/dss_ros2_bridge/install/dss_ros2_bridge/share/dss_ros2_bridge/environment/path.sh
[6.267s] -- Up-to-date symlink: /home/dss/dss/dss_ros2_bridge/install/dss_ros2_bridge/share/dss_ros2_bridge/environment/path.dsv
[6.267s] -- Up-to-date symlink: /home/dss/dss/dss_ros2_bridge/install/dss_ros2_bridge/share/dss_ros2_bridge/local_setup.bash
[6.267s] -- Up-to-date symlink: /home/dss/dss/dss_ros2_bridge/install/dss_ros2_bridge/share/dss_ros2_bridge/local_setup.sh
[6.267s] -- Up-to-date symlink: /home/dss/dss/dss_ros2_bridge/install/dss_ros2_bridge/share/dss_ros2_bridge/local_setup.zsh
[6.267s] -- Up-to-date symlink: /home/dss/dss/dss_ros2_bridge/install/dss_ros2_bridge/share/dss_ros2_bridge/local_setup.dsv
[6.267s] -- Symlinking: /home/dss/dss/dss_ros2_bridge/install/dss_ros2_bridge/share/dss_ros2_bridge/package.dsv
[6.276s] -- Up-to-date symlink: /home/dss/dss/dss_ros2_bridge/install/dss_ros2_bridge/share/ament_index/resource_index/packages/dss_ros2_bridge
[6.276s] -- Up-to-date symlink: /home/dss/dss/dss_ros2_bridge/install/dss_ros2_bridge/share/dss_ros2_bridge/cmake/rosidl_cmake-extras.cmake
[6.276s] -- Up-to-date symlink: /home/dss/dss/dss_ros2_bridge/install/dss_ros2_bridge/share/dss_ros2_bridge/cmake/ament_cmake_export_include_directories-extras.cmake
[6.276s] -- Up-to-date symlink: /home/dss/dss/dss_ros2_bridge/install/dss_ros2_bridge/share/dss_ros2_bridge/cmake/ament_cmake_export_libraries-extras.cmake
[6.276s] -- Up-to-date symlink: /home/dss/dss/dss_ros2_bridge/install/dss_ros2_bridge/share/dss_ros2_bridge/cmake/ament_cmake_export_targets-extras.cmake
[6.277s] -- Up-to-date symlink: /home/dss/dss/dss_ros2_bridge/install/dss_ros2_bridge/share/dss_ros2_bridge/cmake/rosidl_cmake_export_typesupport_targets-extras.cmake
[6.277s] -- Up-to-date symlink: /home/dss/dss/dss_ros2_bridge/install/dss_ros2_bridge/share/dss_ros2_bridge/cmake/ament_cmake_export_dependencies-extras.cmake
[6.277s] -- Up-to-date symlink: /home/dss/dss/dss_ros2_bridge/install/dss_ros2_bridge/share/dss_ros2_bridge/cmake/rosidl_cmake_export_typesupport_libraries-extras.cmake
[6.277s] -- Up-to-date symlink: /home/dss/dss/dss_ros2_bridge/install/dss_ros2_bridge/share/dss_ros2_bridge/cmake/dss_ros2_bridgeConfig.cmake
[6.277s] -- Up-to-date symlink: /home/dss/dss/dss_ros2_bridge/install/dss_ros2_bridge/share/dss_ros2_bridge/cmake/dss_ros2_bridgeConfig-version.cmake
[6.277s] -- Up-to-date symlink: /home/dss/dss/dss_ros2_bridge/install/dss_ros2_bridge/share/dss_ros2_bridge/package.xml
[6.277s] -- Up-to-date: /home/dss/dss/dss_ros2_bridge/install/dss_ros2_bridge/lib/libdss_ros2_bridge__rosidl_generator_c.so
[6.277s] -- Up-to-date: /home/dss/dss/dss_ros2_bridge/install/dss_ros2_bridge/lib/libdss_ros2_bridge__rosidl_typesupport_fastrtps_c.so
[6.277s] -- Up-to-date: /home/dss/dss/dss_ros2_bridge/install/dss_ros2_bridge/lib/libdss_ros2_bridge__rosidl_typesupport_fastrtps_cpp.so
[6.278s] -- Up-to-date: /home/dss/dss/dss_ros2_bridge/install/dss_ros2_bridge/lib/libdss_ros2_bridge__rosidl_typesupport_introspection_c.so
[6.278s] -- Up-to-date: /home/dss/dss/dss_ros2_bridge/install/dss_ros2_bridge/lib/libdss_ros2_bridge__rosidl_typesupport_c.so
[6.278s] -- Up-to-date: /home/dss/dss/dss_ros2_bridge/install/dss_ros2_bridge/lib/libdss_ros2_bridge__rosidl_typesupport_introspection_cpp.so
[6.278s] -- Up-to-date: /home/dss/dss/dss_ros2_bridge/install/dss_ros2_bridge/lib/libdss_ros2_bridge__rosidl_typesupport_cpp.so
[6.299s] Listing '/home/dss/dss/dss_ros2_bridge/install/dss_ros2_bridge/local/lib/python3.10/dist-packages/dss_ros2_bridge'...
[6.299s] Listing '/home/dss/dss/dss_ros2_bridge/install/dss_ros2_bridge/local/lib/python3.10/dist-packages/dss_ros2_bridge/msg'...
[6.302s] -- Up-to-date: /home/dss/dss/dss_ros2_bridge/install/dss_ros2_bridge/lib/libdss_ros2_bridge__rosidl_generator_py.so
[6.302s] -- Up-to-date: /home/dss/dss/dss_ros2_bridge/install/dss_ros2_bridge/share/dss_ros2_bridge/cmake/export_dss_ros2_bridge__rosidl_generator_cExport.cmake
[6.303s] -- Up-to-date: /home/dss/dss/dss_ros2_bridge/install/dss_ros2_bridge/share/dss_ros2_bridge/cmake/export_dss_ros2_bridge__rosidl_generator_cExport-noconfig.cmake
[6.303s] -- Up-to-date: /home/dss/dss/dss_ros2_bridge/install/dss_ros2_bridge/share/dss_ros2_bridge/cmake/export_dss_ros2_bridge__rosidl_typesupport_fastrtps_cExport.cmake
[6.303s] -- Up-to-date: /home/dss/dss/dss_ros2_bridge/install/dss_ros2_bridge/share/dss_ros2_bridge/cmake/export_dss_ros2_bridge__rosidl_typesupport_fastrtps_cExport-noconfig.cmake
[6.303s] -- Up-to-date: /home/dss/dss/dss_ros2_bridge/install/dss_ros2_bridge/share/dss_ros2_bridge/cmake/export_dss_ros2_bridge__rosidl_generator_cppExport.cmake
[6.303s] -- Up-to-date: /home/dss/dss/dss_ros2_bridge/install/dss_ros2_bridge/share/dss_ros2_bridge/cmake/export_dss_ros2_bridge__rosidl_typesupport_fastrtps_cppExport.cmake
[6.303s] -- Up-to-date: /home/dss/dss/dss_ros2_bridge/install/dss_ros2_bridge/share/dss_ros2_bridge/cmake/export_dss_ros2_bridge__rosidl_typesupport_fastrtps_cppExport-noconfig.cmake
[6.303s] -- Up-to-date: /home/dss/dss/dss_ros2_bridge/install/dss_ros2_bridge/share/dss_ros2_bridge/cmake/dss_ros2_bridge__rosidl_typesupport_introspection_cExport.cmake
[6.303s] -- Up-to-date: /home/dss/dss/dss_ros2_bridge/install/dss_ros2_bridge/share/dss_ros2_bridge/cmake/dss_ros2_bridge__rosidl_typesupport_introspection_cExport-noconfig.cmake
[6.303s] -- Up-to-date: /home/dss/dss/dss_ros2_bridge/install/dss_ros2_bridge/share/dss_ros2_bridge/cmake/dss_ros2_bridge__rosidl_typesupport_cExport.cmake
[6.303s] -- Up-to-date: /home/dss/dss/dss_ros2_bridge/install/dss_ros2_bridge/share/dss_ros2_bridge/cmake/dss_ros2_bridge__rosidl_typesupport_cExport-noconfig.cmake
[6.303s] -- Up-to-date: /home/dss/dss/dss_ros2_bridge/install/dss_ros2_bridge/share/dss_ros2_bridge/cmake/dss_ros2_bridge__rosidl_typesupport_introspection_cppExport.cmake
[6.303s] -- Up-to-date: /home/dss/dss/dss_ros2_bridge/install/dss_ros2_bridge/share/dss_ros2_bridge/cmake/dss_ros2_bridge__rosidl_typesupport_introspection_cppExport-noconfig.cmake
[6.303s] -- Up-to-date: /home/dss/dss/dss_ros2_bridge/install/dss_ros2_bridge/share/dss_ros2_bridge/cmake/dss_ros2_bridge__rosidl_typesupport_cppExport.cmake
[6.303s] -- Up-to-date: /home/dss/dss/dss_ros2_bridge/install/dss_ros2_bridge/share/dss_ros2_bridge/cmake/dss_ros2_bridge__rosidl_typesupport_cppExport-noconfig.cmake
[6.303s] -- Up-to-date: /home/dss/dss/dss_ros2_bridge/install/dss_ros2_bridge/share/dss_ros2_bridge/cmake/export_dss_ros2_bridge__rosidl_generator_pyExport.cmake
[6.304s] -- Up-to-date: /home/dss/dss/dss_ros2_bridge/install/dss_ros2_bridge/share/dss_ros2_bridge/cmake/export_dss_ros2_bridge__rosidl_generator_pyExport-noconfig.cmake
[6.306s] Invoked command in '/home/dss/dss/dss_ros2_bridge/build/dss_ros2_bridge' returned '0': CMAKE_PREFIX_PATH=${CMAKE_PREFIX_PATH}:/opt/ros/humble /usr/bin/cmake --install /home/dss/dss/dss_ros2_bridge/build/dss_ros2_bridge
