[  6%] Built target dss_ros2_bridge__cpp
[  9%] Built target dss_ros2_bridge__rosidl_generator_c
[  9%] Built target ament_cmake_python_symlink_dss_ros2_bridge
[ 22%] Built target dss_ros2_bridge__rosidl_typesupport_fastrtps_cpp
[ 22%] Built target dss_ros2_bridge__rosidl_typesupport_c
[ 36%] Built target dss_ros2_bridge__rosidl_typesupport_introspection_c
[ 36%] Built target dss_ros2_bridge__rosidl_typesupport_fastrtps_c
[ 50%] Built target dss_ros2_bridge__rosidl_typesupport_introspection_cpp
[ 50%] Built target dss_ros2_bridge__rosidl_typesupport_cpp
[35m[1mConsolidate compiler generated dependencies of target DSSToROSPointCloudNode[0m
[35m[1mConsolidate compiler generated dependencies of target DSSToROSImageNode[0m
[ 50%] Built target dss_ros2_bridge
[ 61%] Built target DSSDemoNode
[ 61%] [32mBuilding CXX object CMakeFiles/DSSToROSIMUNode.dir/src/DSSToROSIMU.cpp.o[0m
[ 65%] [32mBuilding CXX object CMakeFiles/DSSToROSPointCloudNode.dir/src/DSSToROSPointCloud.cpp.o[0m
[ 70%] Built target DSSToROSImageNode
[ 72%] Built target dss_ros2_bridge__py
[ 77%] Built target dss_ros2_bridge__rosidl_generator_py
[ 81%] Built target dss_ros2_bridge__rosidl_typesupport_c__pyext
[ 90%] Built target dss_ros2_bridge__rosidl_typesupport_introspection_c__pyext
[ 90%] Built target dss_ros2_bridge__rosidl_typesupport_fastrtps_c__pyext
running egg_info
writing dss_ros2_bridge.egg-info/PKG-INFO
writing dependency_links to dss_ros2_bridge.egg-info/dependency_links.txt
writing top-level names to dss_ros2_bridge.egg-info/top_level.txt
reading manifest file 'dss_ros2_bridge.egg-info/SOURCES.txt'
writing manifest file 'dss_ros2_bridge.egg-info/SOURCES.txt'
[ 90%] Built target ament_cmake_python_build_dss_ros2_bridge_egg
[ 93%] [32m[1mLinking CXX executable DSSToROSIMUNode[0m
[ 95%] Built target DSSToROSIMUNode
