[0.009s] Invoking command in '/home/dss/dss/dss_ros2_bridge/build/dss_ros2_bridge': CMAKE_PREFIX_PATH=${CMAKE_PREFIX_PATH}:/opt/ros/humble /usr/bin/cmake --build /home/dss/dss/dss_ros2_bridge/build/dss_ros2_bridge -- -j32 -l32
[0.056s] [  2%] Built target dss_ros2_bridge__cpp
[0.056s] [  9%] Built target dss_ros2_bridge__rosidl_generator_c
[0.064s] [  9%] Built target ament_cmake_python_symlink_dss_ros2_bridge
[0.073s] [ 22%] Built target dss_ros2_bridge__rosidl_typesupport_introspection_c
[0.073s] [ 22%] Built target dss_ros2_bridge__rosidl_typesupport_cpp
[0.074s] [ 34%] Built target dss_ros2_bridge__rosidl_typesupport_c
[0.074s] [ 36%] Built target dss_ros2_bridge__rosidl_typesupport_fastrtps_cpp
[0.075s] [ 43%] Built target dss_ros2_bridge__rosidl_typesupport_introspection_cpp
[0.083s] [ 50%] Built target dss_ros2_bridge__rosidl_typesupport_fastrtps_c
[0.097s] [ 72%] Built target DSSToROSPointCloudNode
[0.097s] [ 72%] Built target DSSToROSIMUNode
[0.097s] [ 72%] Built target DSSDemoNode
[0.098s] [ 79%] Built target DSSToROSImageNode
[0.102s] [ 79%] Built target dss_ros2_bridge
[0.120s] [ 81%] Built target dss_ros2_bridge__py
[0.140s] [ 86%] Built target dss_ros2_bridge__rosidl_generator_py
[0.161s] [ 97%] Built target dss_ros2_bridge__rosidl_typesupport_c__pyext
[0.161s] [100%] Built target dss_ros2_bridge__rosidl_typesupport_fastrtps_c__pyext
[0.161s] [100%] Built target dss_ros2_bridge__rosidl_typesupport_introspection_c__pyext
[0.197s] running egg_info
[0.198s] writing dss_ros2_bridge.egg-info/PKG-INFO
[0.198s] writing dependency_links to dss_ros2_bridge.egg-info/dependency_links.txt
[0.198s] writing top-level names to dss_ros2_bridge.egg-info/top_level.txt
[0.199s] reading manifest file 'dss_ros2_bridge.egg-info/SOURCES.txt'
[0.200s] writing manifest file 'dss_ros2_bridge.egg-info/SOURCES.txt'
[0.221s] [100%] Built target ament_cmake_python_build_dss_ros2_bridge_egg
[0.232s] Invoked command in '/home/dss/dss/dss_ros2_bridge/build/dss_ros2_bridge' returned '0': CMAKE_PREFIX_PATH=${CMAKE_PREFIX_PATH}:/opt/ros/humble /usr/bin/cmake --build /home/dss/dss/dss_ros2_bridge/build/dss_ros2_bridge -- -j32 -l32
[0.242s] Invoking command in '/home/dss/dss/dss_ros2_bridge/build/dss_ros2_bridge': CMAKE_PREFIX_PATH=${CMAKE_PREFIX_PATH}:/opt/ros/humble /usr/bin/cmake --install /home/dss/dss/dss_ros2_bridge/build/dss_ros2_bridge
[0.247s] -- Install configuration: ""
[0.248s] -- Execute custom install script
[0.248s] -- Up-to-date symlink: /home/dss/dss/dss_ros2_bridge/install/dss_ros2_bridge/share/ament_index/resource_index/rosidl_interfaces/dss_ros2_bridge
[0.248s] -- Up-to-date symlink: /home/dss/dss/dss_ros2_bridge/install/dss_ros2_bridge/include/dss_ros2_bridge/dss_ros2_bridge/msg/detail/dss_control__functions.h
[0.249s] -- Up-to-date symlink: /home/dss/dss/dss_ros2_bridge/install/dss_ros2_bridge/include/dss_ros2_bridge/dss_ros2_bridge/msg/detail/dss_control__struct.h
[0.249s] -- Up-to-date symlink: /home/dss/dss/dss_ros2_bridge/install/dss_ros2_bridge/include/dss_ros2_bridge/dss_ros2_bridge/msg/detail/dss_control__type_support.h
[0.249s] -- Up-to-date symlink: /home/dss/dss/dss_ros2_bridge/install/dss_ros2_bridge/include/dss_ros2_bridge/dss_ros2_bridge/msg/dss_control.h
[0.249s] -- Up-to-date symlink: /home/dss/dss/dss_ros2_bridge/install/dss_ros2_bridge/include/dss_ros2_bridge/dss_ros2_bridge/msg/rosidl_generator_c__visibility_control.h
[0.249s] -- Up-to-date symlink: /home/dss/dss/dss_ros2_bridge/install/dss_ros2_bridge/share/dss_ros2_bridge/environment/library_path.sh
[0.249s] -- Up-to-date symlink: /home/dss/dss/dss_ros2_bridge/install/dss_ros2_bridge/share/dss_ros2_bridge/environment/library_path.dsv
[0.249s] -- Up-to-date symlink: /home/dss/dss/dss_ros2_bridge/install/dss_ros2_bridge/include/dss_ros2_bridge/dss_ros2_bridge/msg/detail/dss_control__rosidl_typesupport_fastrtps_c.h
[0.249s] -- Up-to-date symlink: /home/dss/dss/dss_ros2_bridge/install/dss_ros2_bridge/include/dss_ros2_bridge/dss_ros2_bridge/msg/rosidl_typesupport_fastrtps_c__visibility_control.h
[0.250s] -- Up-to-date symlink: /home/dss/dss/dss_ros2_bridge/install/dss_ros2_bridge/include/dss_ros2_bridge/dss_ros2_bridge/msg/detail/dss_control__builder.hpp
[0.250s] -- Up-to-date symlink: /home/dss/dss/dss_ros2_bridge/install/dss_ros2_bridge/include/dss_ros2_bridge/dss_ros2_bridge/msg/detail/dss_control__struct.hpp
[0.250s] -- Up-to-date symlink: /home/dss/dss/dss_ros2_bridge/install/dss_ros2_bridge/include/dss_ros2_bridge/dss_ros2_bridge/msg/detail/dss_control__traits.hpp
[0.250s] -- Up-to-date symlink: /home/dss/dss/dss_ros2_bridge/install/dss_ros2_bridge/include/dss_ros2_bridge/dss_ros2_bridge/msg/detail/dss_control__type_support.hpp
[0.250s] -- Up-to-date symlink: /home/dss/dss/dss_ros2_bridge/install/dss_ros2_bridge/include/dss_ros2_bridge/dss_ros2_bridge/msg/dss_control.hpp
[0.250s] -- Up-to-date symlink: /home/dss/dss/dss_ros2_bridge/install/dss_ros2_bridge/include/dss_ros2_bridge/dss_ros2_bridge/msg/rosidl_generator_cpp__visibility_control.hpp
[0.250s] -- Up-to-date symlink: /home/dss/dss/dss_ros2_bridge/install/dss_ros2_bridge/include/dss_ros2_bridge/dss_ros2_bridge/msg/detail/dss_control__rosidl_typesupport_fastrtps_cpp.hpp
[0.250s] -- Up-to-date symlink: /home/dss/dss/dss_ros2_bridge/install/dss_ros2_bridge/include/dss_ros2_bridge/dss_ros2_bridge/msg/rosidl_typesupport_fastrtps_cpp__visibility_control.h
[0.251s] -- Up-to-date symlink: /home/dss/dss/dss_ros2_bridge/install/dss_ros2_bridge/include/dss_ros2_bridge/dss_ros2_bridge/msg/detail/dss_control__rosidl_typesupport_introspection_c.h
[0.251s] -- Up-to-date symlink: /home/dss/dss/dss_ros2_bridge/install/dss_ros2_bridge/include/dss_ros2_bridge/dss_ros2_bridge/msg/rosidl_typesupport_introspection_c__visibility_control.h
[0.251s] -- Up-to-date symlink: /home/dss/dss/dss_ros2_bridge/install/dss_ros2_bridge/include/dss_ros2_bridge/dss_ros2_bridge/msg/detail/dss_control__rosidl_typesupport_introspection_cpp.hpp
[0.251s] -- Up-to-date symlink: /home/dss/dss/dss_ros2_bridge/install/dss_ros2_bridge/share/dss_ros2_bridge/environment/pythonpath.sh
[0.251s] -- Up-to-date symlink: /home/dss/dss/dss_ros2_bridge/install/dss_ros2_bridge/share/dss_ros2_bridge/environment/pythonpath.dsv
[0.251s] -- Up-to-date symlink: /home/dss/dss/dss_ros2_bridge/install/dss_ros2_bridge/local/lib/python3.10/dist-packages/dss_ros2_bridge-1.0.0-py3.10.egg-info/PKG-INFO
[0.251s] -- Up-to-date symlink: /home/dss/dss/dss_ros2_bridge/install/dss_ros2_bridge/local/lib/python3.10/dist-packages/dss_ros2_bridge-1.0.0-py3.10.egg-info/SOURCES.txt
[0.252s] -- Up-to-date symlink: /home/dss/dss/dss_ros2_bridge/install/dss_ros2_bridge/local/lib/python3.10/dist-packages/dss_ros2_bridge-1.0.0-py3.10.egg-info/dependency_links.txt
[0.252s] -- Up-to-date symlink: /home/dss/dss/dss_ros2_bridge/install/dss_ros2_bridge/local/lib/python3.10/dist-packages/dss_ros2_bridge-1.0.0-py3.10.egg-info/top_level.txt
[0.252s] -- Up-to-date symlink: /home/dss/dss/dss_ros2_bridge/install/dss_ros2_bridge/local/lib/python3.10/dist-packages/dss_ros2_bridge/__init__.py
[0.252s] -- Up-to-date symlink: /home/dss/dss/dss_ros2_bridge/install/dss_ros2_bridge/local/lib/python3.10/dist-packages/dss_ros2_bridge/_dss_ros2_bridge_s.ep.rosidl_typesupport_c.c
[0.252s] -- Up-to-date symlink: /home/dss/dss/dss_ros2_bridge/install/dss_ros2_bridge/local/lib/python3.10/dist-packages/dss_ros2_bridge/_dss_ros2_bridge_s.ep.rosidl_typesupport_fastrtps_c.c
[0.252s] -- Up-to-date symlink: /home/dss/dss/dss_ros2_bridge/install/dss_ros2_bridge/local/lib/python3.10/dist-packages/dss_ros2_bridge/_dss_ros2_bridge_s.ep.rosidl_typesupport_introspection_c.c
[0.252s] -- Up-to-date symlink: /home/dss/dss/dss_ros2_bridge/install/dss_ros2_bridge/local/lib/python3.10/dist-packages/dss_ros2_bridge/dss_ros2_bridge_s__rosidl_typesupport_c.cpython-310-x86_64-linux-gnu.so
[0.253s] -- Up-to-date symlink: /home/dss/dss/dss_ros2_bridge/install/dss_ros2_bridge/local/lib/python3.10/dist-packages/dss_ros2_bridge/dss_ros2_bridge_s__rosidl_typesupport_fastrtps_c.cpython-310-x86_64-linux-gnu.so
[0.253s] -- Up-to-date symlink: /home/dss/dss/dss_ros2_bridge/install/dss_ros2_bridge/local/lib/python3.10/dist-packages/dss_ros2_bridge/dss_ros2_bridge_s__rosidl_typesupport_introspection_c.cpython-310-x86_64-linux-gnu.so
[0.253s] -- Up-to-date symlink: /home/dss/dss/dss_ros2_bridge/install/dss_ros2_bridge/local/lib/python3.10/dist-packages/dss_ros2_bridge/libdss_ros2_bridge__rosidl_generator_py.so
[0.253s] -- Up-to-date symlink: /home/dss/dss/dss_ros2_bridge/install/dss_ros2_bridge/local/lib/python3.10/dist-packages/dss_ros2_bridge/msg/__init__.py
[0.253s] -- Up-to-date symlink: /home/dss/dss/dss_ros2_bridge/install/dss_ros2_bridge/local/lib/python3.10/dist-packages/dss_ros2_bridge/msg/_dss_control.py
[0.253s] -- Up-to-date symlink: /home/dss/dss/dss_ros2_bridge/install/dss_ros2_bridge/local/lib/python3.10/dist-packages/dss_ros2_bridge/msg/_dss_control_s.c
[0.253s] -- Up-to-date symlink: /home/dss/dss/dss_ros2_bridge/install/dss_ros2_bridge/local/lib/python3.10/dist-packages/dss_ros2_bridge/dss_ros2_bridge_s__rosidl_typesupport_fastrtps_c.cpython-310-x86_64-linux-gnu.so
[0.253s] -- Up-to-date symlink: /home/dss/dss/dss_ros2_bridge/install/dss_ros2_bridge/local/lib/python3.10/dist-packages/dss_ros2_bridge/dss_ros2_bridge_s__rosidl_typesupport_introspection_c.cpython-310-x86_64-linux-gnu.so
[0.254s] -- Up-to-date symlink: /home/dss/dss/dss_ros2_bridge/install/dss_ros2_bridge/local/lib/python3.10/dist-packages/dss_ros2_bridge/dss_ros2_bridge_s__rosidl_typesupport_c.cpython-310-x86_64-linux-gnu.so
[0.254s] -- Up-to-date symlink: /home/dss/dss/dss_ros2_bridge/install/dss_ros2_bridge/share/dss_ros2_bridge/msg/DssControl.idl
[0.254s] -- Up-to-date symlink: /home/dss/dss/dss_ros2_bridge/install/dss_ros2_bridge/share/dss_ros2_bridge/msg/DssControl.msg
[0.254s] -- Up-to-date symlink: /home/dss/dss/dss_ros2_bridge/install/dss_ros2_bridge/lib/dss_ros2_bridge/DSSToROSImageNode
[0.254s] -- Up-to-date symlink: /home/dss/dss/dss_ros2_bridge/install/dss_ros2_bridge/lib/dss_ros2_bridge/DSSToROSPointCloudNode
[0.254s] -- Up-to-date symlink: /home/dss/dss/dss_ros2_bridge/install/dss_ros2_bridge/lib/dss_ros2_bridge/DSSToROSIMUNode
[0.254s] -- Up-to-date symlink: /home/dss/dss/dss_ros2_bridge/install/dss_ros2_bridge/lib/dss_ros2_bridge/DSSDemoNode
[0.254s] -- Up-to-date symlink: /home/dss/dss/dss_ros2_bridge/install/dss_ros2_bridge/lib/dss_ros2_bridge/libdss_ros2_bridge__rosidl_typesupport_cpp.so
[0.254s] -- Up-to-date symlink: /home/dss/dss/dss_ros2_bridge/install/dss_ros2_bridge/share/dss_ros2_bridge/msg/DssControl.msg
[0.255s] -- Up-to-date symlink: /home/dss/dss/dss_ros2_bridge/install/dss_ros2_bridge/share/dss_ros2_bridge/launch/launch.py
[0.255s] -- Up-to-date symlink: /home/dss/dss/dss_ros2_bridge/install/dss_ros2_bridge/share/ament_index/resource_index/package_run_dependencies/dss_ros2_bridge
[0.255s] -- Up-to-date symlink: /home/dss/dss/dss_ros2_bridge/install/dss_ros2_bridge/share/ament_index/resource_index/parent_prefix_path/dss_ros2_bridge
[0.255s] -- Up-to-date symlink: /home/dss/dss/dss_ros2_bridge/install/dss_ros2_bridge/share/dss_ros2_bridge/environment/ament_prefix_path.sh
[0.255s] -- Up-to-date symlink: /home/dss/dss/dss_ros2_bridge/install/dss_ros2_bridge/share/dss_ros2_bridge/environment/ament_prefix_path.dsv
[0.255s] -- Up-to-date symlink: /home/dss/dss/dss_ros2_bridge/install/dss_ros2_bridge/share/dss_ros2_bridge/environment/path.sh
[0.255s] -- Up-to-date symlink: /home/dss/dss/dss_ros2_bridge/install/dss_ros2_bridge/share/dss_ros2_bridge/environment/path.dsv
[0.255s] -- Up-to-date symlink: /home/dss/dss/dss_ros2_bridge/install/dss_ros2_bridge/share/dss_ros2_bridge/local_setup.bash
[0.256s] -- Up-to-date symlink: /home/dss/dss/dss_ros2_bridge/install/dss_ros2_bridge/share/dss_ros2_bridge/local_setup.sh
[0.256s] -- Up-to-date symlink: /home/dss/dss/dss_ros2_bridge/install/dss_ros2_bridge/share/dss_ros2_bridge/local_setup.zsh
[0.256s] -- Up-to-date symlink: /home/dss/dss/dss_ros2_bridge/install/dss_ros2_bridge/share/dss_ros2_bridge/local_setup.dsv
[0.256s] -- Symlinking: /home/dss/dss/dss_ros2_bridge/install/dss_ros2_bridge/share/dss_ros2_bridge/package.dsv
[0.264s] -- Up-to-date symlink: /home/dss/dss/dss_ros2_bridge/install/dss_ros2_bridge/share/ament_index/resource_index/packages/dss_ros2_bridge
[0.264s] -- Up-to-date symlink: /home/dss/dss/dss_ros2_bridge/install/dss_ros2_bridge/share/dss_ros2_bridge/cmake/rosidl_cmake-extras.cmake
[0.265s] -- Up-to-date symlink: /home/dss/dss/dss_ros2_bridge/install/dss_ros2_bridge/share/dss_ros2_bridge/cmake/ament_cmake_export_include_directories-extras.cmake
[0.265s] -- Up-to-date symlink: /home/dss/dss/dss_ros2_bridge/install/dss_ros2_bridge/share/dss_ros2_bridge/cmake/ament_cmake_export_libraries-extras.cmake
[0.265s] -- Up-to-date symlink: /home/dss/dss/dss_ros2_bridge/install/dss_ros2_bridge/share/dss_ros2_bridge/cmake/ament_cmake_export_targets-extras.cmake
[0.265s] -- Up-to-date symlink: /home/dss/dss/dss_ros2_bridge/install/dss_ros2_bridge/share/dss_ros2_bridge/cmake/rosidl_cmake_export_typesupport_targets-extras.cmake
[0.265s] -- Up-to-date symlink: /home/dss/dss/dss_ros2_bridge/install/dss_ros2_bridge/share/dss_ros2_bridge/cmake/ament_cmake_export_dependencies-extras.cmake
[0.265s] -- Up-to-date symlink: /home/dss/dss/dss_ros2_bridge/install/dss_ros2_bridge/share/dss_ros2_bridge/cmake/rosidl_cmake_export_typesupport_libraries-extras.cmake
[0.265s] -- Up-to-date symlink: /home/dss/dss/dss_ros2_bridge/install/dss_ros2_bridge/share/dss_ros2_bridge/cmake/dss_ros2_bridgeConfig.cmake
[0.265s] -- Up-to-date symlink: /home/dss/dss/dss_ros2_bridge/install/dss_ros2_bridge/share/dss_ros2_bridge/cmake/dss_ros2_bridgeConfig-version.cmake
[0.265s] -- Up-to-date symlink: /home/dss/dss/dss_ros2_bridge/install/dss_ros2_bridge/share/dss_ros2_bridge/package.xml
[0.266s] -- Up-to-date: /home/dss/dss/dss_ros2_bridge/install/dss_ros2_bridge/lib/libdss_ros2_bridge__rosidl_generator_c.so
[0.266s] -- Up-to-date: /home/dss/dss/dss_ros2_bridge/install/dss_ros2_bridge/lib/libdss_ros2_bridge__rosidl_typesupport_fastrtps_c.so
[0.266s] -- Up-to-date: /home/dss/dss/dss_ros2_bridge/install/dss_ros2_bridge/lib/libdss_ros2_bridge__rosidl_typesupport_fastrtps_cpp.so
[0.266s] -- Up-to-date: /home/dss/dss/dss_ros2_bridge/install/dss_ros2_bridge/lib/libdss_ros2_bridge__rosidl_typesupport_introspection_c.so
[0.266s] -- Up-to-date: /home/dss/dss/dss_ros2_bridge/install/dss_ros2_bridge/lib/libdss_ros2_bridge__rosidl_typesupport_c.so
[0.267s] -- Up-to-date: /home/dss/dss/dss_ros2_bridge/install/dss_ros2_bridge/lib/libdss_ros2_bridge__rosidl_typesupport_introspection_cpp.so
[0.267s] -- Up-to-date: /home/dss/dss/dss_ros2_bridge/install/dss_ros2_bridge/lib/libdss_ros2_bridge__rosidl_typesupport_cpp.so
[0.290s] Listing '/home/dss/dss/dss_ros2_bridge/install/dss_ros2_bridge/local/lib/python3.10/dist-packages/dss_ros2_bridge'...
[0.290s] Listing '/home/dss/dss/dss_ros2_bridge/install/dss_ros2_bridge/local/lib/python3.10/dist-packages/dss_ros2_bridge/msg'...
[0.294s] -- Up-to-date: /home/dss/dss/dss_ros2_bridge/install/dss_ros2_bridge/lib/libdss_ros2_bridge__rosidl_generator_py.so
[0.294s] -- Up-to-date: /home/dss/dss/dss_ros2_bridge/install/dss_ros2_bridge/share/dss_ros2_bridge/cmake/export_dss_ros2_bridge__rosidl_generator_cExport.cmake
[0.294s] -- Up-to-date: /home/dss/dss/dss_ros2_bridge/install/dss_ros2_bridge/share/dss_ros2_bridge/cmake/export_dss_ros2_bridge__rosidl_generator_cExport-noconfig.cmake
[0.294s] -- Up-to-date: /home/dss/dss/dss_ros2_bridge/install/dss_ros2_bridge/share/dss_ros2_bridge/cmake/export_dss_ros2_bridge__rosidl_typesupport_fastrtps_cExport.cmake
[0.294s] -- Up-to-date: /home/dss/dss/dss_ros2_bridge/install/dss_ros2_bridge/share/dss_ros2_bridge/cmake/export_dss_ros2_bridge__rosidl_typesupport_fastrtps_cExport-noconfig.cmake
[0.295s] -- Up-to-date: /home/dss/dss/dss_ros2_bridge/install/dss_ros2_bridge/share/dss_ros2_bridge/cmake/export_dss_ros2_bridge__rosidl_generator_cppExport.cmake
[0.295s] -- Up-to-date: /home/dss/dss/dss_ros2_bridge/install/dss_ros2_bridge/share/dss_ros2_bridge/cmake/export_dss_ros2_bridge__rosidl_typesupport_fastrtps_cppExport.cmake
[0.295s] -- Up-to-date: /home/dss/dss/dss_ros2_bridge/install/dss_ros2_bridge/share/dss_ros2_bridge/cmake/export_dss_ros2_bridge__rosidl_typesupport_fastrtps_cppExport-noconfig.cmake
[0.295s] -- Up-to-date: /home/dss/dss/dss_ros2_bridge/install/dss_ros2_bridge/share/dss_ros2_bridge/cmake/dss_ros2_bridge__rosidl_typesupport_introspection_cExport.cmake
[0.295s] -- Up-to-date: /home/dss/dss/dss_ros2_bridge/install/dss_ros2_bridge/share/dss_ros2_bridge/cmake/dss_ros2_bridge__rosidl_typesupport_introspection_cExport-noconfig.cmake
[0.295s] -- Up-to-date: /home/dss/dss/dss_ros2_bridge/install/dss_ros2_bridge/share/dss_ros2_bridge/cmake/dss_ros2_bridge__rosidl_typesupport_cExport.cmake
[0.295s] -- Up-to-date: /home/dss/dss/dss_ros2_bridge/install/dss_ros2_bridge/share/dss_ros2_bridge/cmake/dss_ros2_bridge__rosidl_typesupport_cExport-noconfig.cmake
[0.295s] -- Up-to-date: /home/dss/dss/dss_ros2_bridge/install/dss_ros2_bridge/share/dss_ros2_bridge/cmake/dss_ros2_bridge__rosidl_typesupport_introspection_cppExport.cmake
[0.295s] -- Up-to-date: /home/dss/dss/dss_ros2_bridge/install/dss_ros2_bridge/share/dss_ros2_bridge/cmake/dss_ros2_bridge__rosidl_typesupport_introspection_cppExport-noconfig.cmake
[0.295s] -- Up-to-date: /home/dss/dss/dss_ros2_bridge/install/dss_ros2_bridge/share/dss_ros2_bridge/cmake/dss_ros2_bridge__rosidl_typesupport_cppExport.cmake
[0.295s] -- Up-to-date: /home/dss/dss/dss_ros2_bridge/install/dss_ros2_bridge/share/dss_ros2_bridge/cmake/dss_ros2_bridge__rosidl_typesupport_cppExport-noconfig.cmake
[0.295s] -- Up-to-date: /home/dss/dss/dss_ros2_bridge/install/dss_ros2_bridge/share/dss_ros2_bridge/cmake/export_dss_ros2_bridge__rosidl_generator_pyExport.cmake
[0.295s] -- Up-to-date: /home/dss/dss/dss_ros2_bridge/install/dss_ros2_bridge/share/dss_ros2_bridge/cmake/export_dss_ros2_bridge__rosidl_generator_pyExport-noconfig.cmake
[0.298s] Invoked command in '/home/dss/dss/dss_ros2_bridge/build/dss_ros2_bridge' returned '0': CMAKE_PREFIX_PATH=${CMAKE_PREFIX_PATH}:/opt/ros/humble /usr/bin/cmake --install /home/dss/dss/dss_ros2_bridge/build/dss_ros2_bridge
