[0.227s] DEBUG:colcon:Command line arguments: ['/usr/bin/colcon', 'build', '--symlink-install']
[0.227s] DEBUG:colcon:Parsed command line arguments: Namespace(log_base=None, log_level=None, verb_name='build', build_base='build', install_base='install', merge_install=False, symlink_install=True, test_result_base=None, continue_on_error=False, executor='parallel', parallel_workers=32, event_handlers=None, ignore_user_meta=False, metas=['./colcon.meta'], base_paths=['.'], packages_ignore=None, packages_ignore_regex=None, paths=None, packages_up_to=None, packages_up_to_regex=None, packages_above=None, packages_above_and_dependencies=None, packages_above_depth=None, packages_select_by_dep=None, packages_skip_by_dep=None, packages_skip_up_to=None, packages_select_build_failed=False, packages_skip_build_finished=False, packages_select_test_failures=False, packages_skip_test_passed=False, packages_select=None, packages_skip=None, packages_select_regex=None, packages_skip_regex=None, packages_start=None, packages_end=None, allow_overriding=[], cmake_args=None, cmake_target=None, cmake_target_skip_unavailable=False, cmake_clean_cache=False, cmake_clean_first=False, cmake_force_configure=False, ament_cmake_args=None, catkin_cmake_args=None, catkin_skip_building_tests=False, verb_parser=<colcon_defaults.argument_parser.defaults.DefaultArgumentsDecorator object at 0x7c6e84db7220>, verb_extension=<colcon_core.verb.build.BuildVerb object at 0x7c6e84f64b20>, main=<bound method BuildVerb.main of <colcon_core.verb.build.BuildVerb object at 0x7c6e84f64b20>>)
[0.443s] Level 1:colcon.colcon_core.package_discovery:discover_packages(colcon_meta) check parameters
[0.443s] Level 1:colcon.colcon_core.package_discovery:discover_packages(recursive) check parameters
[0.443s] Level 1:colcon.colcon_core.package_discovery:discover_packages(ignore) check parameters
[0.443s] Level 1:colcon.colcon_core.package_discovery:discover_packages(path) check parameters
[0.443s] Level 1:colcon.colcon_core.package_discovery:discover_packages(colcon_meta) discover
[0.443s] Level 1:colcon.colcon_core.package_discovery:discover_packages(recursive) discover
[0.443s] INFO:colcon.colcon_core.package_discovery:Crawling recursively for packages in '/home/dss/dss/dss_ros2_bridge'
[0.443s] Level 1:colcon.colcon_core.package_identification:_identify(.) by extensions ['ignore', 'ignore_ament_install']
[0.443s] Level 1:colcon.colcon_core.package_identification:_identify(.) by extension 'ignore'
[0.443s] Level 1:colcon.colcon_core.package_identification:_identify(.) by extension 'ignore_ament_install'
[0.443s] Level 1:colcon.colcon_core.package_identification:_identify(.) by extensions ['colcon_pkg']
[0.443s] Level 1:colcon.colcon_core.package_identification:_identify(.) by extension 'colcon_pkg'
[0.444s] Level 1:colcon.colcon_core.package_identification:_identify(.) by extensions ['colcon_meta']
[0.444s] Level 1:colcon.colcon_core.package_identification:_identify(.) by extension 'colcon_meta'
[0.444s] Level 1:colcon.colcon_core.package_identification:_identify(.) by extensions ['ros']
[0.444s] Level 1:colcon.colcon_core.package_identification:_identify(.) by extension 'ros'
[0.453s] Level 1:colcon.colcon_core.package_identification:_identify(.) by extensions ['cmake', 'python']
[0.453s] Level 1:colcon.colcon_core.package_identification:_identify(.) by extension 'cmake'
[0.453s] Level 1:colcon.colcon_core.package_identification:_identify(.) by extension 'python'
[0.453s] Level 1:colcon.colcon_core.package_identification:_identify(.) by extensions ['python_setup_py']
[0.453s] Level 1:colcon.colcon_core.package_identification:_identify(.) by extension 'python_setup_py'
[0.454s] Level 1:colcon.colcon_core.package_identification:_identify(build) by extensions ['ignore', 'ignore_ament_install']
[0.454s] Level 1:colcon.colcon_core.package_identification:_identify(build) by extension 'ignore'
[0.454s] Level 1:colcon.colcon_core.package_identification:_identify(build) ignored
[0.454s] Level 1:colcon.colcon_core.package_identification:_identify(dss_ros2_bridge) by extensions ['ignore', 'ignore_ament_install']
[0.454s] Level 1:colcon.colcon_core.package_identification:_identify(dss_ros2_bridge) by extension 'ignore'
[0.454s] Level 1:colcon.colcon_core.package_identification:_identify(dss_ros2_bridge) by extension 'ignore_ament_install'
[0.454s] Level 1:colcon.colcon_core.package_identification:_identify(dss_ros2_bridge) by extensions ['colcon_pkg']
[0.454s] Level 1:colcon.colcon_core.package_identification:_identify(dss_ros2_bridge) by extension 'colcon_pkg'
[0.454s] Level 1:colcon.colcon_core.package_identification:_identify(dss_ros2_bridge) by extensions ['colcon_meta']
[0.454s] Level 1:colcon.colcon_core.package_identification:_identify(dss_ros2_bridge) by extension 'colcon_meta'
[0.454s] Level 1:colcon.colcon_core.package_identification:_identify(dss_ros2_bridge) by extensions ['ros']
[0.454s] Level 1:colcon.colcon_core.package_identification:_identify(dss_ros2_bridge) by extension 'ros'
[0.456s] DEBUG:colcon.colcon_core.package_identification:Package 'dss_ros2_bridge' with type 'ros.ament_cmake' and name 'dss_ros2_bridge'
[0.457s] Level 1:colcon.colcon_core.package_identification:_identify(install) by extensions ['ignore', 'ignore_ament_install']
[0.457s] Level 1:colcon.colcon_core.package_identification:_identify(install) by extension 'ignore'
[0.457s] Level 1:colcon.colcon_core.package_identification:_identify(install) ignored
[0.457s] Level 1:colcon.colcon_core.package_identification:_identify(log) by extensions ['ignore', 'ignore_ament_install']
[0.457s] Level 1:colcon.colcon_core.package_identification:_identify(log) by extension 'ignore'
[0.457s] Level 1:colcon.colcon_core.package_identification:_identify(log) ignored
[0.457s] Level 1:colcon.colcon_core.package_discovery:discover_packages(recursive) using defaults
[0.457s] Level 1:colcon.colcon_core.package_discovery:discover_packages(ignore) discover
[0.457s] Level 1:colcon.colcon_core.package_discovery:discover_packages(ignore) using defaults
[0.457s] Level 1:colcon.colcon_core.package_discovery:discover_packages(path) discover
[0.457s] Level 1:colcon.colcon_core.package_discovery:discover_packages(path) using defaults
[0.478s] Level 1:colcon.colcon_core.package_discovery:discover_packages(prefix_path) check parameters
[0.478s] Level 1:colcon.colcon_core.package_discovery:discover_packages(prefix_path) discover
[0.482s] DEBUG:colcon.colcon_installed_package_information.package_discovery:Found 1 installed packages in /home/dss/ros2_ws/install
[0.482s] DEBUG:colcon.colcon_installed_package_information.package_discovery:Found 1 installed packages in /home/dss/dss/dss_ros2_bridge/install
[0.484s] DEBUG:colcon.colcon_installed_package_information.package_discovery:Found 271 installed packages in /opt/ros/humble
[0.485s] Level 1:colcon.colcon_core.package_discovery:discover_packages(prefix_path) using defaults
[0.552s] Level 5:colcon.colcon_core.verb:set package 'dss_ros2_bridge' build argument 'cmake_args' from command line to 'None'
[0.552s] Level 5:colcon.colcon_core.verb:set package 'dss_ros2_bridge' build argument 'cmake_target' from command line to 'None'
[0.552s] Level 5:colcon.colcon_core.verb:set package 'dss_ros2_bridge' build argument 'cmake_target_skip_unavailable' from command line to 'False'
[0.552s] Level 5:colcon.colcon_core.verb:set package 'dss_ros2_bridge' build argument 'cmake_clean_cache' from command line to 'False'
[0.552s] Level 5:colcon.colcon_core.verb:set package 'dss_ros2_bridge' build argument 'cmake_clean_first' from command line to 'False'
[0.552s] Level 5:colcon.colcon_core.verb:set package 'dss_ros2_bridge' build argument 'cmake_force_configure' from command line to 'False'
[0.552s] Level 5:colcon.colcon_core.verb:set package 'dss_ros2_bridge' build argument 'ament_cmake_args' from command line to 'None'
[0.552s] Level 5:colcon.colcon_core.verb:set package 'dss_ros2_bridge' build argument 'catkin_cmake_args' from command line to 'None'
[0.552s] Level 5:colcon.colcon_core.verb:set package 'dss_ros2_bridge' build argument 'catkin_skip_building_tests' from command line to 'False'
[0.552s] DEBUG:colcon.colcon_core.verb:Building package 'dss_ros2_bridge' with the following arguments: {'ament_cmake_args': None, 'build_base': '/home/dss/dss/dss_ros2_bridge/build/dss_ros2_bridge', 'catkin_cmake_args': None, 'catkin_skip_building_tests': False, 'cmake_args': None, 'cmake_clean_cache': False, 'cmake_clean_first': False, 'cmake_force_configure': False, 'cmake_target': None, 'cmake_target_skip_unavailable': False, 'install_base': '/home/dss/dss/dss_ros2_bridge/install/dss_ros2_bridge', 'merge_install': False, 'path': '/home/dss/dss/dss_ros2_bridge/dss_ros2_bridge', 'symlink_install': True, 'test_result_base': None}
[0.553s] INFO:colcon.colcon_core.executor:Executing jobs using 'parallel' executor
[0.554s] DEBUG:colcon.colcon_parallel_executor.executor.parallel:run_until_complete
[0.554s] INFO:colcon.colcon_ros.task.ament_cmake.build:Building ROS package in '/home/dss/dss/dss_ros2_bridge/dss_ros2_bridge' with build type 'ament_cmake'
[0.554s] INFO:colcon.colcon_cmake.task.cmake.build:Building CMake package in '/home/dss/dss/dss_ros2_bridge/dss_ros2_bridge'
[0.558s] INFO:colcon.colcon_core.plugin_system:Skipping extension 'colcon_core.shell.bat': Not used on non-Windows systems
[0.558s] INFO:colcon.colcon_core.shell:Skip shell extension 'powershell' for command environment: Not usable outside of PowerShell
[0.558s] DEBUG:colcon.colcon_core.shell:Skip shell extension 'dsv' for command environment
[0.567s] DEBUG:colcon.colcon_core.event_handler.log_command:Invoking command in '/home/dss/dss/dss_ros2_bridge/build/dss_ros2_bridge': CMAKE_PREFIX_PATH=${CMAKE_PREFIX_PATH}:/opt/ros/humble /usr/bin/cmake --build /home/dss/dss/dss_ros2_bridge/build/dss_ros2_bridge -- -j32 -l32
[7.145s] DEBUG:colcon.colcon_core.event_handler.log_command:Invoked command in '/home/dss/dss/dss_ros2_bridge/build/dss_ros2_bridge' returned '0': CMAKE_PREFIX_PATH=${CMAKE_PREFIX_PATH}:/opt/ros/humble /usr/bin/cmake --build /home/dss/dss/dss_ros2_bridge/build/dss_ros2_bridge -- -j32 -l32
[7.155s] DEBUG:colcon.colcon_core.event_handler.log_command:Invoking command in '/home/dss/dss/dss_ros2_bridge/build/dss_ros2_bridge': CMAKE_PREFIX_PATH=${CMAKE_PREFIX_PATH}:/opt/ros/humble /usr/bin/cmake --install /home/dss/dss/dss_ros2_bridge/build/dss_ros2_bridge
[7.235s] Level 1:colcon.colcon_core.environment:create_environment_scripts_only(dss_ros2_bridge)
[7.236s] DEBUG:colcon.colcon_core.event_handler.log_command:Invoked command in '/home/dss/dss/dss_ros2_bridge/build/dss_ros2_bridge' returned '0': CMAKE_PREFIX_PATH=${CMAKE_PREFIX_PATH}:/opt/ros/humble /usr/bin/cmake --install /home/dss/dss/dss_ros2_bridge/build/dss_ros2_bridge
[7.240s] Level 1:colcon.colcon_core.environment:checking '/home/dss/dss/dss_ros2_bridge/install/dss_ros2_bridge' for CMake module files
[7.241s] Level 1:colcon.colcon_core.environment:checking '/home/dss/dss/dss_ros2_bridge/install/dss_ros2_bridge' for CMake config files
[7.242s] Level 1:colcon.colcon_core.shell:create_environment_hook('dss_ros2_bridge', 'cmake_prefix_path')
[7.242s] INFO:colcon.colcon_core.shell:Creating environment hook '/home/dss/dss/dss_ros2_bridge/install/dss_ros2_bridge/share/dss_ros2_bridge/hook/cmake_prefix_path.ps1'
[7.243s] INFO:colcon.colcon_core.shell:Creating environment descriptor '/home/dss/dss/dss_ros2_bridge/install/dss_ros2_bridge/share/dss_ros2_bridge/hook/cmake_prefix_path.dsv'
[7.243s] INFO:colcon.colcon_core.shell:Creating environment hook '/home/dss/dss/dss_ros2_bridge/install/dss_ros2_bridge/share/dss_ros2_bridge/hook/cmake_prefix_path.sh'
[7.244s] Level 1:colcon.colcon_core.environment:checking '/home/dss/dss/dss_ros2_bridge/install/dss_ros2_bridge/lib'
[7.244s] Level 1:colcon.colcon_core.shell:create_environment_hook('dss_ros2_bridge', 'ld_library_path_lib')
[7.244s] INFO:colcon.colcon_core.shell:Creating environment hook '/home/dss/dss/dss_ros2_bridge/install/dss_ros2_bridge/share/dss_ros2_bridge/hook/ld_library_path_lib.ps1'
[7.245s] INFO:colcon.colcon_core.shell:Creating environment descriptor '/home/dss/dss/dss_ros2_bridge/install/dss_ros2_bridge/share/dss_ros2_bridge/hook/ld_library_path_lib.dsv'
[7.245s] INFO:colcon.colcon_core.shell:Creating environment hook '/home/dss/dss/dss_ros2_bridge/install/dss_ros2_bridge/share/dss_ros2_bridge/hook/ld_library_path_lib.sh'
[7.245s] Level 1:colcon.colcon_core.environment:checking '/home/dss/dss/dss_ros2_bridge/install/dss_ros2_bridge/bin'
[7.245s] Level 1:colcon.colcon_core.environment:checking '/home/dss/dss/dss_ros2_bridge/install/dss_ros2_bridge/lib/pkgconfig/dss_ros2_bridge.pc'
[7.245s] Level 1:colcon.colcon_core.environment:checking '/home/dss/dss/dss_ros2_bridge/install/dss_ros2_bridge/lib/python3.10/site-packages'
[7.245s] Level 1:colcon.colcon_core.environment:checking '/home/dss/dss/dss_ros2_bridge/install/dss_ros2_bridge/bin'
[7.246s] INFO:colcon.colcon_core.shell:Creating package script '/home/dss/dss/dss_ros2_bridge/install/dss_ros2_bridge/share/dss_ros2_bridge/package.ps1'
[7.246s] INFO:colcon.colcon_core.shell:Creating package descriptor '/home/dss/dss/dss_ros2_bridge/install/dss_ros2_bridge/share/dss_ros2_bridge/package.dsv'
[7.247s] INFO:colcon.colcon_core.shell:Creating package script '/home/dss/dss/dss_ros2_bridge/install/dss_ros2_bridge/share/dss_ros2_bridge/package.sh'
[7.248s] INFO:colcon.colcon_core.shell:Creating package script '/home/dss/dss/dss_ros2_bridge/install/dss_ros2_bridge/share/dss_ros2_bridge/package.bash'
[7.248s] INFO:colcon.colcon_core.shell:Creating package script '/home/dss/dss/dss_ros2_bridge/install/dss_ros2_bridge/share/dss_ros2_bridge/package.zsh'
[7.249s] Level 1:colcon.colcon_core.environment:create_file_with_runtime_dependencies(/home/dss/dss/dss_ros2_bridge/install/dss_ros2_bridge/share/colcon-core/packages/dss_ros2_bridge)
[7.249s] Level 1:colcon.colcon_core.environment:create_environment_scripts_only(dss_ros2_bridge)
[7.249s] Level 1:colcon.colcon_core.environment:checking '/home/dss/dss/dss_ros2_bridge/install/dss_ros2_bridge' for CMake module files
[7.250s] Level 1:colcon.colcon_core.environment:checking '/home/dss/dss/dss_ros2_bridge/install/dss_ros2_bridge' for CMake config files
[7.250s] Level 1:colcon.colcon_core.shell:create_environment_hook('dss_ros2_bridge', 'cmake_prefix_path')
[7.250s] INFO:colcon.colcon_core.shell:Creating environment hook '/home/dss/dss/dss_ros2_bridge/install/dss_ros2_bridge/share/dss_ros2_bridge/hook/cmake_prefix_path.ps1'
[7.251s] INFO:colcon.colcon_core.shell:Creating environment descriptor '/home/dss/dss/dss_ros2_bridge/install/dss_ros2_bridge/share/dss_ros2_bridge/hook/cmake_prefix_path.dsv'
[7.251s] INFO:colcon.colcon_core.shell:Creating environment hook '/home/dss/dss/dss_ros2_bridge/install/dss_ros2_bridge/share/dss_ros2_bridge/hook/cmake_prefix_path.sh'
[7.251s] Level 1:colcon.colcon_core.environment:checking '/home/dss/dss/dss_ros2_bridge/install/dss_ros2_bridge/lib'
[7.251s] Level 1:colcon.colcon_core.shell:create_environment_hook('dss_ros2_bridge', 'ld_library_path_lib')
[7.251s] INFO:colcon.colcon_core.shell:Creating environment hook '/home/dss/dss/dss_ros2_bridge/install/dss_ros2_bridge/share/dss_ros2_bridge/hook/ld_library_path_lib.ps1'
[7.252s] INFO:colcon.colcon_core.shell:Creating environment descriptor '/home/dss/dss/dss_ros2_bridge/install/dss_ros2_bridge/share/dss_ros2_bridge/hook/ld_library_path_lib.dsv'
[7.252s] INFO:colcon.colcon_core.shell:Creating environment hook '/home/dss/dss/dss_ros2_bridge/install/dss_ros2_bridge/share/dss_ros2_bridge/hook/ld_library_path_lib.sh'
[7.252s] Level 1:colcon.colcon_core.environment:checking '/home/dss/dss/dss_ros2_bridge/install/dss_ros2_bridge/bin'
[7.252s] Level 1:colcon.colcon_core.environment:checking '/home/dss/dss/dss_ros2_bridge/install/dss_ros2_bridge/lib/pkgconfig/dss_ros2_bridge.pc'
[7.252s] Level 1:colcon.colcon_core.environment:checking '/home/dss/dss/dss_ros2_bridge/install/dss_ros2_bridge/lib/python3.10/site-packages'
[7.252s] Level 1:colcon.colcon_core.environment:checking '/home/dss/dss/dss_ros2_bridge/install/dss_ros2_bridge/bin'
[7.253s] INFO:colcon.colcon_core.shell:Creating package script '/home/dss/dss/dss_ros2_bridge/install/dss_ros2_bridge/share/dss_ros2_bridge/package.ps1'
[7.253s] INFO:colcon.colcon_core.shell:Creating package descriptor '/home/dss/dss/dss_ros2_bridge/install/dss_ros2_bridge/share/dss_ros2_bridge/package.dsv'
[7.253s] INFO:colcon.colcon_core.shell:Creating package script '/home/dss/dss/dss_ros2_bridge/install/dss_ros2_bridge/share/dss_ros2_bridge/package.sh'
[7.253s] INFO:colcon.colcon_core.shell:Creating package script '/home/dss/dss/dss_ros2_bridge/install/dss_ros2_bridge/share/dss_ros2_bridge/package.bash'
[7.254s] INFO:colcon.colcon_core.shell:Creating package script '/home/dss/dss/dss_ros2_bridge/install/dss_ros2_bridge/share/dss_ros2_bridge/package.zsh'
[7.254s] Level 1:colcon.colcon_core.environment:create_file_with_runtime_dependencies(/home/dss/dss/dss_ros2_bridge/install/dss_ros2_bridge/share/colcon-core/packages/dss_ros2_bridge)
[7.254s] DEBUG:colcon.colcon_parallel_executor.executor.parallel:closing loop
[7.255s] DEBUG:colcon.colcon_parallel_executor.executor.parallel:loop closed
[7.255s] DEBUG:colcon.colcon_parallel_executor.executor.parallel:run_until_complete finished with '0'
[7.255s] DEBUG:colcon.colcon_core.event_reactor:joining thread
[7.294s] INFO:colcon.colcon_core.plugin_system:Skipping extension 'colcon_notification.desktop_notification.notify_send': Could not find 'notify-send'
[7.295s] INFO:colcon.colcon_core.plugin_system:Skipping extension 'colcon_notification.desktop_notification.terminal_notifier': Not used on non-Darwin systems
[7.295s] INFO:colcon.colcon_core.plugin_system:Skipping extension 'colcon_notification.desktop_notification.win32': Not used on non-Windows systems
[7.295s] INFO:colcon.colcon_notification.desktop_notification:Sending desktop notification using 'notify2'
[7.303s] DEBUG:colcon.colcon_notification.desktop_notification.notify2:Failed to initialize notify2: org.freedesktop.DBus.Error.ServiceUnknown: The name org.freedesktop.Notifications was not provided by any .service files
[7.304s] DEBUG:colcon.colcon_core.event_reactor:joined thread
[7.304s] INFO:colcon.colcon_core.shell:Creating prefix script '/home/dss/dss/dss_ros2_bridge/install/local_setup.ps1'
[7.305s] INFO:colcon.colcon_core.shell:Creating prefix util module '/home/dss/dss/dss_ros2_bridge/install/_local_setup_util_ps1.py'
[7.306s] INFO:colcon.colcon_core.shell:Creating prefix chain script '/home/dss/dss/dss_ros2_bridge/install/setup.ps1'
[7.307s] INFO:colcon.colcon_core.shell:Creating prefix script '/home/dss/dss/dss_ros2_bridge/install/local_setup.sh'
[7.308s] INFO:colcon.colcon_core.shell:Creating prefix util module '/home/dss/dss/dss_ros2_bridge/install/_local_setup_util_sh.py'
[7.308s] INFO:colcon.colcon_core.shell:Creating prefix chain script '/home/dss/dss/dss_ros2_bridge/install/setup.sh'
[7.309s] INFO:colcon.colcon_core.shell:Creating prefix script '/home/dss/dss/dss_ros2_bridge/install/local_setup.bash'
[7.309s] INFO:colcon.colcon_core.shell:Creating prefix chain script '/home/dss/dss/dss_ros2_bridge/install/setup.bash'
[7.310s] INFO:colcon.colcon_core.shell:Creating prefix script '/home/dss/dss/dss_ros2_bridge/install/local_setup.zsh'
[7.311s] INFO:colcon.colcon_core.shell:Creating prefix chain script '/home/dss/dss/dss_ros2_bridge/install/setup.zsh'
